{"C:\\Users\\Lucas\\OneDrive\\Documentos\\PROJETOS - CODE\\GOOGLE ANTIGRAVITY PROJECTS\\Minutas-Cartorio-Documentos\\Frontend\\src\\App.tsx": {"path":"C:\\Users\\Lucas\\OneDrive\\Documentos\\PROJETOS - CODE\\GOOGLE ANTIGRAVITY PROJECTS\\Minutas-Cartorio-Documentos\\Frontend\\src\\App.tsx","statementMap":{"0":{"start":{"line":11,"column":6},"end":{"line":11,"column":null}},"1":{"start":{"line":11,"column":25},"end":{"line":11,"column":null}},"2":{"start":{"line":12,"column":6},"end":{"line":12,"column":null}},"3":{"start":{"line":12,"column":32},"end":{"line":12,"column":null}},"4":{"start":{"line":13,"column":6},"end":{"line":13,"column":null}},"5":{"start":{"line":13,"column":36},"end":{"line":13,"column":null}},"6":{"start":{"line":14,"column":6},"end":{"line":14,"column":null}},"7":{"start":{"line":14,"column":36},"end":{"line":14,"column":null}},"8":{"start":{"line":15,"column":6},"end":{"line":15,"column":null}},"9":{"start":{"line":15,"column":34},"end":{"line":15,"column":null}},"10":{"start":{"line":16,"column":6},"end":{"line":16,"column":null}},"11":{"start":{"line":16,"column":36},"end":{"line":16,"column":null}},"12":{"start":{"line":17,"column":6},"end":{"line":17,"column":null}},"13":{"start":{"line":17,"column":31},"end":{"line":17,"column":null}},"14":{"start":{"line":18,"column":6},"end":{"line":18,"column":null}},"15":{"start":{"line":18,"column":42},"end":{"line":18,"column":null}},"16":{"start":{"line":19,"column":6},"end":{"line":19,"column":null}},"17":{"start":{"line":19,"column":41},"end":{"line":19,"column":null}},"18":{"start":{"line":20,"column":6},"end":{"line":20,"column":null}},"19":{"start":{"line":20,"column":38},"end":{"line":20,"column":null}},"20":{"start":{"line":21,"column":6},"end":{"line":21,"column":null}},"21":{"start":{"line":21,"column":35},"end":{"line":21,"column":null}},"22":{"start":{"line":22,"column":6},"end":{"line":22,"column":null}},"23":{"start":{"line":22,"column":38},"end":{"line":22,"column":null}},"24":{"start":{"line":23,"column":6},"end":{"line":23,"column":null}},"25":{"start":{"line":23,"column":31},"end":{"line":23,"column":null}},"26":{"start":{"line":27,"column":2},"end":{"line":33,"column":null}},"27":{"start":{"line":38,"column":2},"end":{"line":149,"column":null}}},"fnMap":{"0":{"name":"(anonymous_0)","decl":{"start":{"line":11,"column":19},"end":{"line":11,"column":25}},"loc":{"start":{"line":11,"column":25},"end":{"line":11,"column":null}},"line":11},"1":{"name":"(anonymous_1)","decl":{"start":{"line":12,"column":26},"end":{"line":12,"column":32}},"loc":{"start":{"line":12,"column":32},"end":{"line":12,"column":null}},"line":12},"2":{"name":"(anonymous_2)","decl":{"start":{"line":13,"column":30},"end":{"line":13,"column":36}},"loc":{"start":{"line":13,"column":36},"end":{"line":13,"column":null}},"line":13},"3":{"name":"(anonymous_3)","decl":{"start":{"line":14,"column":30},"end":{"line":14,"column":36}},"loc":{"start":{"line":14,"column":36},"end":{"line":14,"column":null}},"line":14},"4":{"name":"(anonymous_4)","decl":{"start":{"line":15,"column":28},"end":{"line":15,"column":34}},"loc":{"start":{"line":15,"column":34},"end":{"line":15,"column":null}},"line":15},"5":{"name":"(anonymous_5)","decl":{"start":{"line":16,"column":30},"end":{"line":16,"column":36}},"loc":{"start":{"line":16,"column":36},"end":{"line":16,"column":null}},"line":16},"6":{"name":"(anonymous_6)","decl":{"start":{"line":17,"column":25},"end":{"line":17,"column":31}},"loc":{"start":{"line":17,"column":31},"end":{"line":17,"column":null}},"line":17},"7":{"name":"(anonymous_7)","decl":{"start":{"line":18,"column":36},"end":{"line":18,"column":42}},"loc":{"start":{"line":18,"column":42},"end":{"line":18,"column":null}},"line":18},"8":{"name":"(anonymous_8)","decl":{"start":{"line":19,"column":35},"end":{"line":19,"column":41}},"loc":{"start":{"line":19,"column":41},"end":{"line":19,"column":null}},"line":19},"9":{"name":"(anonymous_9)","decl":{"start":{"line":20,"column":32},"end":{"line":20,"column":38}},"loc":{"start":{"line":20,"column":38},"end":{"line":20,"column":null}},"line":20},"10":{"name":"(anonymous_10)","decl":{"start":{"line":21,"column":29},"end":{"line":21,"column":35}},"loc":{"start":{"line":21,"column":35},"end":{"line":21,"column":null}},"line":21},"11":{"name":"(anonymous_11)","decl":{"start":{"line":22,"column":32},"end":{"line":22,"column":38}},"loc":{"start":{"line":22,"column":38},"end":{"line":22,"column":null}},"line":22},"12":{"name":"(anonymous_12)","decl":{"start":{"line":23,"column":25},"end":{"line":23,"column":31}},"loc":{"start":{"line":23,"column":31},"end":{"line":23,"column":null}},"line":23},"13":{"name":"PageLoader","decl":{"start":{"line":26,"column":9},"end":{"line":26,"column":22}},"loc":{"start":{"line":26,"column":22},"end":{"line":35,"column":null}},"line":26},"14":{"name":"App","decl":{"start":{"line":37,"column":9},"end":{"line":37,"column":15}},"loc":{"start":{"line":37,"column":15},"end":{"line":151,"column":null}},"line":37}},"branchMap":{},"s":{"0":0,"1":0,"2":0,"3":0,"4":0,"5":0,"6":0,"7":0,"8":0,"9":0,"10":0,"11":0,"12":0,"13":0,"14":0,"15":0,"16":0,"17":0,"18":0,"19":0,"20":0,"21":0,"22":0,"23":0,"24":0,"25":0,"26":0,"27":0},"f":{"0":0,"1":0,"2":0,"3":0,"4":0,"5":0,"6":0,"7":0,"8":0,"9":0,"10":0,"11":0,"12":0,"13":0,"14":0},"b":{},"meta":{"lastBranch":0,"lastFunction":15,"lastStatement":28,"seen":{"s:11:6:11:Infinity":0,"f:11:19:11:25":0,"s:11:25:11:Infinity":1,"s:12:6:12:Infinity":2,"f:12:26:12:32":1,"s:12:32:12:Infinity":3,"s:13:6:13:Infinity":4,"f:13:30:13:36":2,"s:13:36:13:Infinity":5,"s:14:6:14:Infinity":6,"f:14:30:14:36":3,"s:14:36:14:Infinity":7,"s:15:6:15:Infinity":8,"f:15:28:15:34":4,"s:15:34:15:Infinity":9,"s:16:6:16:Infinity":10,"f:16:30:16:36":5,"s:16:36:16:Infinity":11,"s:17:6:17:Infinity":12,"f:17:25:17:31":6,"s:17:31:17:Infinity":13,"s:18:6:18:Infinity":14,"f:18:36:18:42":7,"s:18:42:18:Infinity":15,"s:19:6:19:Infinity":16,"f:19:35:19:41":8,"s:19:41:19:Infinity":17,"s:20:6:20:Infinity":18,"f:20:32:20:38":9,"s:20:38:20:Infinity":19,"s:21:6:21:Infinity":20,"f:21:29:21:35":10,"s:21:35:21:Infinity":21,"s:22:6:22:Infinity":22,"f:22:32:22:38":11,"s:22:38:22:Infinity":23,"s:23:6:23:Infinity":24,"f:23:25:23:31":12,"s:23:31:23:Infinity":25,"f:26:9:26:22":13,"s:27:2:33:Infinity":26,"f:37:9:37:15":14,"s:38:2:149:Infinity":27}}}
,"C:\\Users\\Lucas\\OneDrive\\Documentos\\PROJETOS - CODE\\GOOGLE ANTIGRAVITY PROJECTS\\Minutas-Cartorio-Documentos\\Frontend\\src\\components\\agentes\\AgenteCard.tsx": {"path":"C:\\Users\\Lucas\\OneDrive\\Documentos\\PROJETOS - CODE\\GOOGLE ANTIGRAVITY PROJECTS\\Minutas-Cartorio-Documentos\\Frontend\\src\\components\\agentes\\AgenteCard.tsx","statementMap":{"0":{"start":{"line":15,"column":8},"end":{"line":15,"column":null}},"1":{"start":{"line":18,"column":36},"end":{"line":18,"column":null}},"2":{"start":{"line":20,"column":2},"end":{"line":44,"column":null}},"3":{"start":{"line":28,"column":23},"end":{"line":28,"column":null}}},"fnMap":{"0":{"name":"AgenteCard","decl":{"start":{"line":14,"column":16},"end":{"line":14,"column":27}},"loc":{"start":{"line":14,"column":63},"end":{"line":46,"column":null}},"line":14},"1":{"name":"(anonymous_1)","decl":{"start":{"line":28,"column":17},"end":{"line":28,"column":23}},"loc":{"start":{"line":28,"column":23},"end":{"line":28,"column":null}},"line":28}},"branchMap":{"0":{"loc":{"start":{"line":18,"column":36},"end":{"line":18,"column":null}},"type":"binary-expr","locations":[{"start":{"line":18,"column":36},"end":{"line":18,"column":81}},{"start":{"line":18,"column":81},"end":{"line":18,"column":null}}],"line":18}},"s":{"0":0,"1":0,"2":0,"3":0},"f":{"0":0,"1":0},"b":{"0":[0,0]},"meta":{"lastBranch":1,"lastFunction":2,"lastStatement":4,"seen":{"f:14:16:14:27":0,"s:15:8:15:Infinity":0,"s:18:36:18:Infinity":1,"b:18:36:18:81:18:81:18:Infinity":0,"s:20:2:44:Infinity":2,"f:28:17:28:23":1,"s:28:23:28:Infinity":3}}}
,"C:\\Users\\Lucas\\OneDrive\\Documentos\\PROJETOS - CODE\\GOOGLE ANTIGRAVITY PROJECTS\\Minutas-Cartorio-Documentos\\Frontend\\src\\components\\agentes\\AgenteFilter.tsx": {"path":"C:\\Users\\Lucas\\OneDrive\\Documentos\\PROJETOS - CODE\\GOOGLE ANTIGRAVITY PROJECTS\\Minutas-Cartorio-Documentos\\Frontend\\src\\components\\agentes\\AgenteFilter.tsx","statementMap":{"0":{"start":{"line":21,"column":2},"end":{"line":52,"column":null}},"1":{"start":{"line":26,"column":10},"end":{"line":37,"column":null}},"2":{"start":{"line":28,"column":27},"end":{"line":28,"column":null}},"3":{"start":{"line":48,"column":27},"end":{"line":48,"column":null}}},"fnMap":{"0":{"name":"AgenteFilter","decl":{"start":{"line":15,"column":16},"end":{"line":15,"column":29}},"loc":{"start":{"line":20,"column":22},"end":{"line":54,"column":null}},"line":20},"1":{"name":"(anonymous_1)","decl":{"start":{"line":25,"column":24},"end":{"line":25,"column":25}},"loc":{"start":{"line":26,"column":10},"end":{"line":37,"column":null}},"line":26},"2":{"name":"(anonymous_2)","decl":{"start":{"line":28,"column":21},"end":{"line":28,"column":27}},"loc":{"start":{"line":28,"column":27},"end":{"line":28,"column":null}},"line":28},"3":{"name":"(anonymous_3)","decl":{"start":{"line":48,"column":20},"end":{"line":48,"column":21}},"loc":{"start":{"line":48,"column":27},"end":{"line":48,"column":null}},"line":48}},"branchMap":{"0":{"loc":{"start":{"line":31,"column":14},"end":{"line":33,"column":null}},"type":"cond-expr","locations":[{"start":{"line":32,"column":18},"end":{"line":32,"column":null}},{"start":{"line":33,"column":18},"end":{"line":33,"column":null}}],"line":31}},"s":{"0":0,"1":0,"2":0,"3":0},"f":{"0":0,"1":0,"2":0,"3":0},"b":{"0":[0,0]},"meta":{"lastBranch":1,"lastFunction":4,"lastStatement":4,"seen":{"f:15:16:15:29":0,"s:21:2:52:Infinity":0,"f:25:24:25:25":1,"s:26:10:37:Infinity":1,"f:28:21:28:27":2,"s:28:27:28:Infinity":2,"b:32:18:32:Infinity:33:18:33:Infinity":0,"f:48:20:48:21":3,"s:48:27:48:Infinity":3}}}
,"C:\\Users\\Lucas\\OneDrive\\Documentos\\PROJETOS - CODE\\GOOGLE ANTIGRAVITY PROJECTS\\Minutas-Cartorio-Documentos\\Frontend\\src\\components\\agentes\\ResultadoAnalise.tsx": {"path":"C:\\Users\\Lucas\\OneDrive\\Documentos\\PROJETOS - CODE\\GOOGLE ANTIGRAVITY PROJECTS\\Minutas-Cartorio-Documentos\\Frontend\\src\\components\\agentes\\ResultadoAnalise.tsx","statementMap":{"0":{"start":{"line":25,"column":25},"end":{"line":64,"column":null}},"1":{"start":{"line":27,"column":4},"end":{"line":63,"column":null}},"2":{"start":{"line":30,"column":24},"end":{"line":30,"column":null}},"3":{"start":{"line":32,"column":8},"end":{"line":34,"column":null}},"4":{"start":{"line":33,"column":10},"end":{"line":33,"column":null}},"5":{"start":{"line":35,"column":8},"end":{"line":37,"column":null}},"6":{"start":{"line":36,"column":10},"end":{"line":36,"column":null}},"7":{"start":{"line":38,"column":8},"end":{"line":40,"column":null}},"8":{"start":{"line":39,"column":10},"end":{"line":39,"column":null}},"9":{"start":{"line":41,"column":8},"end":{"line":43,"column":null}},"10":{"start":{"line":42,"column":10},"end":{"line":42,"column":null}},"11":{"start":{"line":44,"column":8},"end":{"line":46,"column":null}},"12":{"start":{"line":45,"column":10},"end":{"line":45,"column":null}},"13":{"start":{"line":47,"column":8},"end":{"line":49,"column":null}},"14":{"start":{"line":48,"column":10},"end":{"line":48,"column":null}},"15":{"start":{"line":52,"column":22},"end":{"line":52,"column":null}},"16":{"start":{"line":53,"column":8},"end":{"line":61,"column":null}},"17":{"start":{"line":56,"column":14},"end":{"line":58,"column":null}},"18":{"start":{"line":57,"column":16},"end":{"line":57,"column":null}},"19":{"start":{"line":59,"column":14},"end":{"line":59,"column":null}},"20":{"start":{"line":66,"column":21},"end":{"line":66,"column":null}},"21":{"start":{"line":68,"column":2},"end":{"line":143,"column":null}}},"fnMap":{"0":{"name":"ResultadoAnalise","decl":{"start":{"line":17,"column":16},"end":{"line":17,"column":33}},"loc":{"start":{"line":24,"column":26},"end":{"line":145,"column":null}},"line":24},"1":{"name":"(anonymous_1)","decl":{"start":{"line":25,"column":25},"end":{"line":25,"column":26}},"loc":{"start":{"line":25,"column":43},"end":{"line":64,"column":null}},"line":25},"2":{"name":"(anonymous_2)","decl":{"start":{"line":29,"column":11},"end":{"line":29,"column":12}},"loc":{"start":{"line":29,"column":24},"end":{"line":63,"column":7}},"line":29},"3":{"name":"(anonymous_3)","decl":{"start":{"line":55,"column":23},"end":{"line":55,"column":24}},"loc":{"start":{"line":55,"column":36},"end":{"line":60,"column":13}},"line":55}},"branchMap":{"0":{"loc":{"start":{"line":32,"column":8},"end":{"line":34,"column":null}},"type":"if","locations":[{"start":{"line":32,"column":8},"end":{"line":34,"column":null}},{"start":{},"end":{}}],"line":32},"1":{"loc":{"start":{"line":35,"column":8},"end":{"line":37,"column":null}},"type":"if","locations":[{"start":{"line":35,"column":8},"end":{"line":37,"column":null}},{"start":{},"end":{}}],"line":35},"2":{"loc":{"start":{"line":38,"column":8},"end":{"line":40,"column":null}},"type":"if","locations":[{"start":{"line":38,"column":8},"end":{"line":40,"column":null}},{"start":{},"end":{}}],"line":38},"3":{"loc":{"start":{"line":41,"column":8},"end":{"line":43,"column":null}},"type":"if","locations":[{"start":{"line":41,"column":8},"end":{"line":43,"column":null}},{"start":{},"end":{}}],"line":41},"4":{"loc":{"start":{"line":41,"column":12},"end":{"line":41,"column":66}},"type":"binary-expr","locations":[{"start":{"line":41,"column":12},"end":{"line":41,"column":40}},{"start":{"line":41,"column":40},"end":{"line":41,"column":66}}],"line":41},"5":{"loc":{"start":{"line":44,"column":8},"end":{"line":46,"column":null}},"type":"if","locations":[{"start":{"line":44,"column":8},"end":{"line":46,"column":null}},{"start":{},"end":{}}],"line":44},"6":{"loc":{"start":{"line":47,"column":8},"end":{"line":49,"column":null}},"type":"if","locations":[{"start":{"line":47,"column":8},"end":{"line":49,"column":null}},{"start":{},"end":{}}],"line":47},"7":{"loc":{"start":{"line":56,"column":14},"end":{"line":58,"column":null}},"type":"if","locations":[{"start":{"line":56,"column":14},"end":{"line":58,"column":null}},{"start":{},"end":{}}],"line":56},"8":{"loc":{"start":{"line":56,"column":18},"end":{"line":56,"column":64}},"type":"binary-expr","locations":[{"start":{"line":56,"column":18},"end":{"line":56,"column":43}},{"start":{"line":56,"column":43},"end":{"line":56,"column":64}}],"line":56},"9":{"loc":{"start":{"line":66,"column":21},"end":{"line":66,"column":null}},"type":"binary-expr","locations":[{"start":{"line":66,"column":21},"end":{"line":66,"column":47}},{"start":{"line":66,"column":47},"end":{"line":66,"column":null}}],"line":66},"10":{"loc":{"start":{"line":74,"column":9},"end":{"line":108,"column":null}},"type":"binary-expr","locations":[{"start":{"line":74,"column":9},"end":{"line":74,"column":null}},{"start":{"line":75,"column":10},"end":{"line":108,"column":null}}],"line":74},"11":{"loc":{"start":{"line":115,"column":8},"end":{"line":115,"column":null}},"type":"binary-expr","locations":[{"start":{"line":115,"column":8},"end":{"line":115,"column":23}},{"start":{"line":115,"column":23},"end":{"line":115,"column":null}}],"line":115},"12":{"loc":{"start":{"line":117,"column":9},"end":{"line":121,"column":null}},"type":"binary-expr","locations":[{"start":{"line":117,"column":9},"end":{"line":117,"column":null}},{"start":{"line":118,"column":10},"end":{"line":121,"column":null}}],"line":117},"13":{"loc":{"start":{"line":124,"column":9},"end":{"line":128,"column":null}},"type":"binary-expr","locations":[{"start":{"line":124,"column":9},"end":{"line":124,"column":null}},{"start":{"line":125,"column":10},"end":{"line":128,"column":null}}],"line":124},"14":{"loc":{"start":{"line":131,"column":9},"end":{"line":134,"column":null}},"type":"binary-expr","locations":[{"start":{"line":131,"column":9},"end":{"line":131,"column":null}},{"start":{"line":132,"column":10},"end":{"line":134,"column":null}}],"line":131},"15":{"loc":{"start":{"line":137,"column":9},"end":{"line":140,"column":null}},"type":"binary-expr","locations":[{"start":{"line":137,"column":9},"end":{"line":137,"column":null}},{"start":{"line":138,"column":10},"end":{"line":140,"column":null}}],"line":137}},"s":{"0":71,"1":6,"2":6,"3":6,"4":0,"5":6,"6":0,"7":6,"8":0,"9":6,"10":0,"11":6,"12":0,"13":6,"14":0,"15":6,"16":6,"17":6,"18":0,"19":6,"20":71,"21":71},"f":{"0":71,"1":6,"2":6,"3":6},"b":{"0":[0,6],"1":[0,6],"2":[0,6],"3":[0,6],"4":[6,6],"5":[0,6],"6":[0,6],"7":[0,6],"8":[6,0],"9":[71,65],"10":[71,6],"11":[71,65],"12":[71,65],"13":[71,0],"14":[71,6],"15":[71,0]},"meta":{"lastBranch":16,"lastFunction":4,"lastStatement":22,"seen":{"f:17:16:17:33":0,"s:25:25:64:Infinity":0,"f:25:25:25:26":1,"s:27:4:63:Infinity":1,"f:29:11:29:12":2,"s:30:24:30:Infinity":2,"b:32:8:34:Infinity:undefined:undefined:undefined:undefined":0,"s:32:8:34:Infinity":3,"s:33:10:33:Infinity":4,"b:35:8:37:Infinity:undefined:undefined:undefined:undefined":1,"s:35:8:37:Infinity":5,"s:36:10:36:Infinity":6,"b:38:8:40:Infinity:undefined:undefined:undefined:undefined":2,"s:38:8:40:Infinity":7,"s:39:10:39:Infinity":8,"b:41:8:43:Infinity:undefined:undefined:undefined:undefined":3,"s:41:8:43:Infinity":9,"b:41:12:41:40:41:40:41:66":4,"s:42:10:42:Infinity":10,"b:44:8:46:Infinity:undefined:undefined:undefined:undefined":5,"s:44:8:46:Infinity":11,"s:45:10:45:Infinity":12,"b:47:8:49:Infinity:undefined:undefined:undefined:undefined":6,"s:47:8:49:Infinity":13,"s:48:10:48:Infinity":14,"s:52:22:52:Infinity":15,"s:53:8:61:Infinity":16,"f:55:23:55:24":3,"b:56:14:58:Infinity:undefined:undefined:undefined:undefined":7,"s:56:14:58:Infinity":17,"b:56:18:56:43:56:43:56:64":8,"s:57:16:57:Infinity":18,"s:59:14:59:Infinity":19,"s:66:21:66:Infinity":20,"b:66:21:66:47:66:47:66:Infinity":9,"s:68:2:143:Infinity":21,"b:74:9:74:Infinity:75:10:108:Infinity":10,"b:115:8:115:23:115:23:115:Infinity":11,"b:117:9:117:Infinity:118:10:121:Infinity":12,"b:124:9:124:Infinity:125:10:128:Infinity":13,"b:131:9:131:Infinity:132:10:134:Infinity":14,"b:137:9:137:Infinity:138:10:140:Infinity":15}}}
,"C:\\Users\\Lucas\\OneDrive\\Documentos\\PROJETOS - CODE\\GOOGLE ANTIGRAVITY PROJECTS\\Minutas-Cartorio-Documentos\\Frontend\\src\\components\\agentes\\ResultadoModal.tsx": {"path":"C:\\Users\\Lucas\\OneDrive\\Documentos\\PROJETOS - CODE\\GOOGLE ANTIGRAVITY PROJECTS\\Minutas-Cartorio-Documentos\\Frontend\\src\\components\\agentes\\ResultadoModal.tsx","statementMap":{"0":{"start":{"line":31,"column":25},"end":{"line":68,"column":null}},"1":{"start":{"line":32,"column":4},"end":{"line":67,"column":null}},"2":{"start":{"line":35,"column":24},"end":{"line":35,"column":null}},"3":{"start":{"line":37,"column":8},"end":{"line":39,"column":null}},"4":{"start":{"line":38,"column":10},"end":{"line":38,"column":null}},"5":{"start":{"line":40,"column":8},"end":{"line":42,"column":null}},"6":{"start":{"line":41,"column":10},"end":{"line":41,"column":null}},"7":{"start":{"line":43,"column":8},"end":{"line":45,"column":null}},"8":{"start":{"line":44,"column":10},"end":{"line":44,"column":null}},"9":{"start":{"line":46,"column":8},"end":{"line":48,"column":null}},"10":{"start":{"line":47,"column":10},"end":{"line":47,"column":null}},"11":{"start":{"line":49,"column":8},"end":{"line":51,"column":null}},"12":{"start":{"line":50,"column":10},"end":{"line":50,"column":null}},"13":{"start":{"line":52,"column":8},"end":{"line":54,"column":null}},"14":{"start":{"line":53,"column":10},"end":{"line":53,"column":null}},"15":{"start":{"line":56,"column":22},"end":{"line":56,"column":null}},"16":{"start":{"line":57,"column":8},"end":{"line":65,"column":null}},"17":{"start":{"line":60,"column":14},"end":{"line":62,"column":null}},"18":{"start":{"line":61,"column":16},"end":{"line":61,"column":null}},"19":{"start":{"line":63,"column":14},"end":{"line":63,"column":null}},"20":{"start":{"line":70,"column":2},"end":{"line":111,"column":null}}},"fnMap":{"0":{"name":"ResultadoModal","decl":{"start":{"line":22,"column":16},"end":{"line":22,"column":31}},"loc":{"start":{"line":30,"column":24},"end":{"line":113,"column":null}},"line":30},"1":{"name":"(anonymous_1)","decl":{"start":{"line":31,"column":25},"end":{"line":31,"column":26}},"loc":{"start":{"line":31,"column":43},"end":{"line":68,"column":null}},"line":31},"2":{"name":"(anonymous_2)","decl":{"start":{"line":34,"column":11},"end":{"line":34,"column":12}},"loc":{"start":{"line":34,"column":24},"end":{"line":67,"column":7}},"line":34},"3":{"name":"(anonymous_3)","decl":{"start":{"line":59,"column":23},"end":{"line":59,"column":24}},"loc":{"start":{"line":59,"column":36},"end":{"line":64,"column":13}},"line":59}},"branchMap":{"0":{"loc":{"start":{"line":37,"column":8},"end":{"line":39,"column":null}},"type":"if","locations":[{"start":{"line":37,"column":8},"end":{"line":39,"column":null}},{"start":{},"end":{}}],"line":37},"1":{"loc":{"start":{"line":40,"column":8},"end":{"line":42,"column":null}},"type":"if","locations":[{"start":{"line":40,"column":8},"end":{"line":42,"column":null}},{"start":{},"end":{}}],"line":40},"2":{"loc":{"start":{"line":43,"column":8},"end":{"line":45,"column":null}},"type":"if","locations":[{"start":{"line":43,"column":8},"end":{"line":45,"column":null}},{"start":{},"end":{}}],"line":43},"3":{"loc":{"start":{"line":46,"column":8},"end":{"line":48,"column":null}},"type":"if","locations":[{"start":{"line":46,"column":8},"end":{"line":48,"column":null}},{"start":{},"end":{}}],"line":46},"4":{"loc":{"start":{"line":46,"column":12},"end":{"line":46,"column":66}},"type":"binary-expr","locations":[{"start":{"line":46,"column":12},"end":{"line":46,"column":40}},{"start":{"line":46,"column":40},"end":{"line":46,"column":66}}],"line":46},"5":{"loc":{"start":{"line":49,"column":8},"end":{"line":51,"column":null}},"type":"if","locations":[{"start":{"line":49,"column":8},"end":{"line":51,"column":null}},{"start":{},"end":{}}],"line":49},"6":{"loc":{"start":{"line":52,"column":8},"end":{"line":54,"column":null}},"type":"if","locations":[{"start":{"line":52,"column":8},"end":{"line":54,"column":null}},{"start":{},"end":{}}],"line":52},"7":{"loc":{"start":{"line":60,"column":14},"end":{"line":62,"column":null}},"type":"if","locations":[{"start":{"line":60,"column":14},"end":{"line":62,"column":null}},{"start":{},"end":{}}],"line":60},"8":{"loc":{"start":{"line":60,"column":18},"end":{"line":60,"column":64}},"type":"binary-expr","locations":[{"start":{"line":60,"column":18},"end":{"line":60,"column":43}},{"start":{"line":60,"column":43},"end":{"line":60,"column":64}}],"line":60}},"s":{"0":71,"1":71,"2":71,"3":71,"4":0,"5":71,"6":0,"7":71,"8":0,"9":71,"10":0,"11":71,"12":0,"13":71,"14":65,"15":6,"16":6,"17":6,"18":0,"19":6,"20":71},"f":{"0":71,"1":71,"2":71,"3":6},"b":{"0":[0,71],"1":[0,71],"2":[0,71],"3":[0,71],"4":[71,71],"5":[0,71],"6":[65,6],"7":[0,6],"8":[6,0]},"meta":{"lastBranch":9,"lastFunction":4,"lastStatement":21,"seen":{"f:22:16:22:31":0,"s:31:25:68:Infinity":0,"f:31:25:31:26":1,"s:32:4:67:Infinity":1,"f:34:11:34:12":2,"s:35:24:35:Infinity":2,"b:37:8:39:Infinity:undefined:undefined:undefined:undefined":0,"s:37:8:39:Infinity":3,"s:38:10:38:Infinity":4,"b:40:8:42:Infinity:undefined:undefined:undefined:undefined":1,"s:40:8:42:Infinity":5,"s:41:10:41:Infinity":6,"b:43:8:45:Infinity:undefined:undefined:undefined:undefined":2,"s:43:8:45:Infinity":7,"s:44:10:44:Infinity":8,"b:46:8:48:Infinity:undefined:undefined:undefined:undefined":3,"s:46:8:48:Infinity":9,"b:46:12:46:40:46:40:46:66":4,"s:47:10:47:Infinity":10,"b:49:8:51:Infinity:undefined:undefined:undefined:undefined":5,"s:49:8:51:Infinity":11,"s:50:10:50:Infinity":12,"b:52:8:54:Infinity:undefined:undefined:undefined:undefined":6,"s:52:8:54:Infinity":13,"s:53:10:53:Infinity":14,"s:56:22:56:Infinity":15,"s:57:8:65:Infinity":16,"f:59:23:59:24":3,"b:60:14:62:Infinity:undefined:undefined:undefined:undefined":7,"s:60:14:62:Infinity":17,"b:60:18:60:43:60:43:60:64":8,"s:61:16:61:Infinity":18,"s:63:14:63:Infinity":19,"s:70:2:111:Infinity":20}}}
,"C:\\Users\\Lucas\\OneDrive\\Documentos\\PROJETOS - CODE\\GOOGLE ANTIGRAVITY PROJECTS\\Minutas-Cartorio-Documentos\\Frontend\\src\\components\\agentes\\UploadZone.tsx": {"path":"C:\\Users\\Lucas\\OneDrive\\Documentos\\PROJETOS - CODE\\GOOGLE ANTIGRAVITY PROJECTS\\Minutas-Cartorio-Documentos\\Frontend\\src\\components\\agentes\\UploadZone.tsx","statementMap":{"0":{"start":{"line":16,"column":34},"end":{"line":16,"column":null}},"1":{"start":{"line":18,"column":8},"end":{"line":27,"column":null}},"2":{"start":{"line":19,"column":41},"end":{"line":25,"column":null}},"3":{"start":{"line":19,"column":60},"end":{"line":25,"column":6}},"4":{"start":{"line":26,"column":4},"end":{"line":26,"column":null}},"5":{"start":{"line":29,"column":8},"end":{"line":32,"column":null}},"6":{"start":{"line":30,"column":4},"end":{"line":30,"column":null}},"7":{"start":{"line":31,"column":4},"end":{"line":31,"column":null}},"8":{"start":{"line":31,"column":19},"end":{"line":31,"column":null}},"9":{"start":{"line":34,"column":8},"end":{"line":37,"column":null}},"10":{"start":{"line":35,"column":4},"end":{"line":35,"column":null}},"11":{"start":{"line":36,"column":4},"end":{"line":36,"column":null}},"12":{"start":{"line":39,"column":8},"end":{"line":46,"column":null}},"13":{"start":{"line":40,"column":4},"end":{"line":40,"column":null}},"14":{"start":{"line":41,"column":4},"end":{"line":41,"column":null}},"15":{"start":{"line":42,"column":4},"end":{"line":42,"column":null}},"16":{"start":{"line":42,"column":18},"end":{"line":42,"column":null}},"17":{"start":{"line":44,"column":18},"end":{"line":44,"column":null}},"18":{"start":{"line":45,"column":4},"end":{"line":45,"column":null}},"19":{"start":{"line":48,"column":8},"end":{"line":53,"column":null}},"20":{"start":{"line":49,"column":4},"end":{"line":49,"column":null}},"21":{"start":{"line":49,"column":37},"end":{"line":49,"column":null}},"22":{"start":{"line":50,"column":18},"end":{"line":50,"column":null}},"23":{"start":{"line":51,"column":4},"end":{"line":51,"column":null}},"24":{"start":{"line":52,"column":4},"end":{"line":52,"column":null}},"25":{"start":{"line":55,"column":21},"end":{"line":58,"column":null}},"26":{"start":{"line":56,"column":4},"end":{"line":56,"column":null}},"27":{"start":{"line":56,"column":18},"end":{"line":56,"column":null}},"28":{"start":{"line":57,"column":4},"end":{"line":57,"column":null}},"29":{"start":{"line":57,"column":42},"end":{"line":57,"column":53}},"30":{"start":{"line":60,"column":25},"end":{"line":64,"column":null}},"31":{"start":{"line":61,"column":4},"end":{"line":61,"column":null}},"32":{"start":{"line":61,"column":22},"end":{"line":61,"column":null}},"33":{"start":{"line":62,"column":4},"end":{"line":62,"column":null}},"34":{"start":{"line":62,"column":29},"end":{"line":62,"column":null}},"35":{"start":{"line":63,"column":4},"end":{"line":63,"column":null}},"36":{"start":{"line":66,"column":22},"end":{"line":69,"column":null}},"37":{"start":{"line":67,"column":4},"end":{"line":67,"column":null}},"38":{"start":{"line":67,"column":35},"end":{"line":67,"column":null}},"39":{"start":{"line":68,"column":4},"end":{"line":68,"column":null}},"40":{"start":{"line":71,"column":2},"end":{"line":137,"column":null}},"41":{"start":{"line":109,"column":27},"end":{"line":109,"column":null}},"42":{"start":{"line":110,"column":10},"end":{"line":133,"column":null}},"43":{"start":{"line":127,"column":33},"end":{"line":127,"column":null}}},"fnMap":{"0":{"name":"UploadZone","decl":{"start":{"line":15,"column":16},"end":{"line":15,"column":27}},"loc":{"start":{"line":15,"column":86},"end":{"line":139,"column":null}},"line":15},"1":{"name":"(anonymous_1)","decl":{"start":{"line":18,"column":31},"end":{"line":18,"column":32}},"loc":{"start":{"line":18,"column":50},"end":{"line":27,"column":5}},"line":18},"2":{"name":"(anonymous_2)","decl":{"start":{"line":19,"column":51},"end":{"line":19,"column":60}},"loc":{"start":{"line":19,"column":60},"end":{"line":25,"column":6}},"line":19},"3":{"name":"(anonymous_3)","decl":{"start":{"line":29,"column":37},"end":{"line":29,"column":38}},"loc":{"start":{"line":29,"column":61},"end":{"line":32,"column":5}},"line":29},"4":{"name":"(anonymous_4)","decl":{"start":{"line":34,"column":38},"end":{"line":34,"column":39}},"loc":{"start":{"line":34,"column":62},"end":{"line":37,"column":5}},"line":34},"5":{"name":"(anonymous_5)","decl":{"start":{"line":39,"column":33},"end":{"line":39,"column":34}},"loc":{"start":{"line":39,"column":57},"end":{"line":46,"column":5}},"line":39},"6":{"name":"(anonymous_6)","decl":{"start":{"line":48,"column":38},"end":{"line":48,"column":39}},"loc":{"start":{"line":48,"column":82},"end":{"line":53,"column":5}},"line":48},"7":{"name":"(anonymous_7)","decl":{"start":{"line":55,"column":21},"end":{"line":55,"column":22}},"loc":{"start":{"line":55,"column":37},"end":{"line":58,"column":null}},"line":55},"8":{"name":"(anonymous_8)","decl":{"start":{"line":57,"column":37},"end":{"line":57,"column":42}},"loc":{"start":{"line":57,"column":42},"end":{"line":57,"column":53}},"line":57},"9":{"name":"(anonymous_9)","decl":{"start":{"line":60,"column":25},"end":{"line":60,"column":26}},"loc":{"start":{"line":60,"column":44},"end":{"line":64,"column":null}},"line":60},"10":{"name":"(anonymous_10)","decl":{"start":{"line":66,"column":22},"end":{"line":66,"column":23}},"loc":{"start":{"line":66,"column":40},"end":{"line":69,"column":null}},"line":66},"11":{"name":"(anonymous_11)","decl":{"start":{"line":108,"column":22},"end":{"line":108,"column":23}},"loc":{"start":{"line":108,"column":35},"end":{"line":135,"column":9}},"line":108},"12":{"name":"(anonymous_12)","decl":{"start":{"line":127,"column":27},"end":{"line":127,"column":33}},"loc":{"start":{"line":127,"column":33},"end":{"line":127,"column":null}},"line":127}},"branchMap":{"0":{"loc":{"start":{"line":31,"column":4},"end":{"line":31,"column":null}},"type":"if","locations":[{"start":{"line":31,"column":4},"end":{"line":31,"column":null}},{"start":{},"end":{}}],"line":31},"1":{"loc":{"start":{"line":42,"column":4},"end":{"line":42,"column":null}},"type":"if","locations":[{"start":{"line":42,"column":4},"end":{"line":42,"column":null}},{"start":{},"end":{}}],"line":42},"2":{"loc":{"start":{"line":49,"column":4},"end":{"line":49,"column":null}},"type":"if","locations":[{"start":{"line":49,"column":4},"end":{"line":49,"column":null}},{"start":{},"end":{}}],"line":49},"3":{"loc":{"start":{"line":49,"column":8},"end":{"line":49,"column":37}},"type":"binary-expr","locations":[{"start":{"line":49,"column":8},"end":{"line":49,"column":20}},{"start":{"line":49,"column":20},"end":{"line":49,"column":37}}],"line":49},"4":{"loc":{"start":{"line":56,"column":4},"end":{"line":56,"column":null}},"type":"if","locations":[{"start":{"line":56,"column":4},"end":{"line":56,"column":null}},{"start":{},"end":{}}],"line":56},"5":{"loc":{"start":{"line":61,"column":4},"end":{"line":61,"column":null}},"type":"if","locations":[{"start":{"line":61,"column":4},"end":{"line":61,"column":null}},{"start":{},"end":{}}],"line":61},"6":{"loc":{"start":{"line":62,"column":4},"end":{"line":62,"column":null}},"type":"if","locations":[{"start":{"line":62,"column":4},"end":{"line":62,"column":null}},{"start":{},"end":{}}],"line":62},"7":{"loc":{"start":{"line":67,"column":4},"end":{"line":67,"column":null}},"type":"if","locations":[{"start":{"line":67,"column":4},"end":{"line":67,"column":null}},{"start":{},"end":{}}],"line":67},"8":{"loc":{"start":{"line":74,"column":7},"end":{"line":103,"column":null}},"type":"binary-expr","locations":[{"start":{"line":74,"column":7},"end":{"line":74,"column":null}},{"start":{"line":75,"column":8},"end":{"line":103,"column":null}}],"line":74},"9":{"loc":{"start":{"line":81,"column":12},"end":{"line":83,"column":null}},"type":"cond-expr","locations":[{"start":{"line":82,"column":16},"end":{"line":82,"column":null}},{"start":{"line":83,"column":16},"end":{"line":83,"column":null}}],"line":81},"10":{"loc":{"start":{"line":88,"column":12},"end":{"line":88,"column":null}},"type":"cond-expr","locations":[{"start":{"line":88,"column":25},"end":{"line":88,"column":42}},{"start":{"line":88,"column":42},"end":{"line":88,"column":null}}],"line":88},"11":{"loc":{"start":{"line":125,"column":15},"end":{"line":131,"column":null}},"type":"binary-expr","locations":[{"start":{"line":125,"column":15},"end":{"line":125,"column":null}},{"start":{"line":126,"column":16},"end":{"line":131,"column":null}}],"line":125}},"s":{"0":94,"1":94,"2":12,"3":14,"4":12,"5":94,"6":2,"7":2,"8":2,"9":94,"10":1,"11":1,"12":94,"13":1,"14":1,"15":1,"16":0,"17":1,"18":1,"19":94,"20":11,"21":0,"22":11,"23":11,"24":11,"25":94,"26":2,"27":0,"28":2,"29":3,"30":94,"31":32,"32":18,"33":14,"34":14,"35":1,"36":94,"37":32,"38":4,"39":28,"40":94,"41":32,"42":32,"43":2},"f":{"0":94,"1":12,"2":14,"3":2,"4":1,"5":1,"6":11,"7":2,"8":3,"9":32,"10":32,"11":32,"12":2},"b":{"0":[2,0],"1":[0,1],"2":[0,11],"3":[11,11],"4":[0,2],"5":[18,14],"6":[13,1],"7":[4,28],"8":[94,83],"9":[2,81],"10":[2,81],"11":[32,24]},"meta":{"lastBranch":12,"lastFunction":13,"lastStatement":44,"seen":{"f:15:16:15:27":0,"s:16:34:16:Infinity":0,"s:18:8:27:Infinity":1,"f:18:31:18:32":1,"s:19:41:25:Infinity":2,"f:19:51:19:60":2,"s:19:60:25:6":3,"s:26:4:26:Infinity":4,"s:29:8:32:Infinity":5,"f:29:37:29:38":3,"s:30:4:30:Infinity":6,"b:31:4:31:Infinity:undefined:undefined:undefined:undefined":0,"s:31:4:31:Infinity":7,"s:31:19:31:Infinity":8,"s:34:8:37:Infinity":9,"f:34:38:34:39":4,"s:35:4:35:Infinity":10,"s:36:4:36:Infinity":11,"s:39:8:46:Infinity":12,"f:39:33:39:34":5,"s:40:4:40:Infinity":13,"s:41:4:41:Infinity":14,"b:42:4:42:Infinity:undefined:undefined:undefined:undefined":1,"s:42:4:42:Infinity":15,"s:42:18:42:Infinity":16,"s:44:18:44:Infinity":17,"s:45:4:45:Infinity":18,"s:48:8:53:Infinity":19,"f:48:38:48:39":6,"b:49:4:49:Infinity:undefined:undefined:undefined:undefined":2,"s:49:4:49:Infinity":20,"b:49:8:49:20:49:20:49:37":3,"s:49:37:49:Infinity":21,"s:50:18:50:Infinity":22,"s:51:4:51:Infinity":23,"s:52:4:52:Infinity":24,"s:55:21:58:Infinity":25,"f:55:21:55:22":7,"b:56:4:56:Infinity:undefined:undefined:undefined:undefined":4,"s:56:4:56:Infinity":26,"s:56:18:56:Infinity":27,"s:57:4:57:Infinity":28,"f:57:37:57:42":8,"s:57:42:57:53":29,"s:60:25:64:Infinity":30,"f:60:25:60:26":9,"b:61:4:61:Infinity:undefined:undefined:undefined:undefined":5,"s:61:4:61:Infinity":31,"s:61:22:61:Infinity":32,"b:62:4:62:Infinity:undefined:undefined:undefined:undefined":6,"s:62:4:62:Infinity":33,"s:62:29:62:Infinity":34,"s:63:4:63:Infinity":35,"s:66:22:69:Infinity":36,"f:66:22:66:23":10,"b:67:4:67:Infinity:undefined:undefined:undefined:undefined":7,"s:67:4:67:Infinity":37,"s:67:35:67:Infinity":38,"s:68:4:68:Infinity":39,"s:71:2:137:Infinity":40,"b:74:7:74:Infinity:75:8:103:Infinity":8,"b:82:16:82:Infinity:83:16:83:Infinity":9,"b:88:25:88:42:88:42:88:Infinity":10,"f:108:22:108:23":11,"s:109:27:109:Infinity":41,"s:110:10:133:Infinity":42,"b:125:15:125:Infinity:126:16:131:Infinity":11,"f:127:27:127:33":12,"s:127:33:127:Infinity":43}}}
,"C:\\Users\\Lucas\\OneDrive\\Documentos\\PROJETOS - CODE\\GOOGLE ANTIGRAVITY PROJECTS\\Minutas-Cartorio-Documentos\\Frontend\\src\\components\\agentes\\index.ts": {"path":"C:\\Users\\Lucas\\OneDrive\\Documentos\\PROJETOS - CODE\\GOOGLE ANTIGRAVITY PROJECTS\\Minutas-Cartorio-Documentos\\Frontend\\src\\components\\agentes\\index.ts","statementMap":{},"fnMap":{},"branchMap":{},"s":{},"f":{},"b":{},"meta":{"lastBranch":0,"lastFunction":0,"lastStatement":0,"seen":{}}}
,"C:\\Users\\Lucas\\OneDrive\\Documentos\\PROJETOS - CODE\\GOOGLE ANTIGRAVITY PROJECTS\\Minutas-Cartorio-Documentos\\Frontend\\src\\components\\auth\\LogoutButton.tsx": {"path":"C:\\Users\\Lucas\\OneDrive\\Documentos\\PROJETOS - CODE\\GOOGLE ANTIGRAVITY PROJECTS\\Minutas-Cartorio-Documentos\\Frontend\\src\\components\\auth\\LogoutButton.tsx","statementMap":{"0":{"start":{"line":12,"column":18},"end":{"line":12,"column":null}},"1":{"start":{"line":13,"column":8},"end":{"line":13,"column":null}},"2":{"start":{"line":14,"column":32},"end":{"line":14,"column":null}},"3":{"start":{"line":16,"column":23},"end":{"line":26,"column":null}},"4":{"start":{"line":17,"column":4},"end":{"line":25,"column":null}},"5":{"start":{"line":18,"column":6},"end":{"line":18,"column":null}},"6":{"start":{"line":19,"column":6},"end":{"line":19,"column":null}},"7":{"start":{"line":20,"column":6},"end":{"line":20,"column":null}},"8":{"start":{"line":22,"column":6},"end":{"line":22,"column":null}},"9":{"start":{"line":24,"column":6},"end":{"line":24,"column":null}},"10":{"start":{"line":28,"column":2},"end":{"line":37,"column":null}}},"fnMap":{"0":{"name":"LogoutButton","decl":{"start":{"line":11,"column":24},"end":{"line":11,"column":37}},"loc":{"start":{"line":11,"column":71},"end":{"line":39,"column":null}},"line":11},"1":{"name":"(anonymous_1)","decl":{"start":{"line":16,"column":23},"end":{"line":16,"column":35}},"loc":{"start":{"line":16,"column":35},"end":{"line":26,"column":null}},"line":16}},"branchMap":{},"s":{"0":11,"1":11,"2":11,"3":11,"4":3,"5":3,"6":3,"7":3,"8":0,"9":3,"10":11},"f":{"0":11,"1":3},"b":{},"meta":{"lastBranch":0,"lastFunction":2,"lastStatement":11,"seen":{"f:11:24:11:37":0,"s:12:18:12:Infinity":0,"s:13:8:13:Infinity":1,"s:14:32:14:Infinity":2,"s:16:23:26:Infinity":3,"f:16:23:16:35":1,"s:17:4:25:Infinity":4,"s:18:6:18:Infinity":5,"s:19:6:19:Infinity":6,"s:20:6:20:Infinity":7,"s:22:6:22:Infinity":8,"s:24:6:24:Infinity":9,"s:28:2:37:Infinity":10}}}
,"C:\\Users\\Lucas\\OneDrive\\Documentos\\PROJETOS - CODE\\GOOGLE ANTIGRAVITY PROJECTS\\Minutas-Cartorio-Documentos\\Frontend\\src\\components\\auth\\ProtectedRoute.tsx": {"path":"C:\\Users\\Lucas\\OneDrive\\Documentos\\PROJETOS - CODE\\GOOGLE ANTIGRAVITY PROJECTS\\Minutas-Cartorio-Documentos\\Frontend\\src\\components\\auth\\ProtectedRoute.tsx","statementMap":{"0":{"start":{"line":11,"column":41},"end":{"line":11,"column":null}},"1":{"start":{"line":12,"column":8},"end":{"line":12,"column":null}},"2":{"start":{"line":14,"column":2},"end":{"line":14,"column":null}},"3":{"start":{"line":16,"column":2},"end":{"line":26,"column":null}},"4":{"start":{"line":17,"column":4},"end":{"line":17,"column":null}},"5":{"start":{"line":18,"column":4},"end":{"line":24,"column":null}},"6":{"start":{"line":28,"column":2},"end":{"line":31,"column":null}},"7":{"start":{"line":29,"column":4},"end":{"line":29,"column":null}},"8":{"start":{"line":30,"column":4},"end":{"line":30,"column":null}},"9":{"start":{"line":33,"column":2},"end":{"line":33,"column":null}},"10":{"start":{"line":34,"column":2},"end":{"line":34,"column":null}}},"fnMap":{"0":{"name":"ProtectedRoute","decl":{"start":{"line":10,"column":16},"end":{"line":10,"column":31}},"loc":{"start":{"line":10,"column":66},"end":{"line":35,"column":null}},"line":10}},"branchMap":{"0":{"loc":{"start":{"line":16,"column":2},"end":{"line":26,"column":null}},"type":"if","locations":[{"start":{"line":16,"column":2},"end":{"line":26,"column":null}},{"start":{},"end":{}}],"line":16},"1":{"loc":{"start":{"line":28,"column":2},"end":{"line":31,"column":null}},"type":"if","locations":[{"start":{"line":28,"column":2},"end":{"line":31,"column":null}},{"start":{},"end":{}}],"line":28}},"s":{"0":4,"1":4,"2":4,"3":4,"4":1,"5":1,"6":3,"7":2,"8":2,"9":1,"10":1},"f":{"0":4},"b":{"0":[1,3],"1":[2,1]},"meta":{"lastBranch":2,"lastFunction":1,"lastStatement":11,"seen":{"f:10:16:10:31":0,"s:11:41:11:Infinity":0,"s:12:8:12:Infinity":1,"s:14:2:14:Infinity":2,"b:16:2:26:Infinity:undefined:undefined:undefined:undefined":0,"s:16:2:26:Infinity":3,"s:17:4:17:Infinity":4,"s:18:4:24:Infinity":5,"b:28:2:31:Infinity:undefined:undefined:undefined:undefined":1,"s:28:2:31:Infinity":6,"s:29:4:29:Infinity":7,"s:30:4:30:Infinity":8,"s:33:2:33:Infinity":9,"s:34:2:34:Infinity":10}}}
,"C:\\Users\\Lucas\\OneDrive\\Documentos\\PROJETOS - CODE\\GOOGLE ANTIGRAVITY PROJECTS\\Minutas-Cartorio-Documentos\\Frontend\\src\\components\\forms\\AddressFields.tsx": {"path":"C:\\Users\\Lucas\\OneDrive\\Documentos\\PROJETOS - CODE\\GOOGLE ANTIGRAVITY PROJECTS\\Minutas-Cartorio-Documentos\\Frontend\\src\\components\\forms\\AddressFields.tsx","statementMap":{"0":{"start":{"line":58,"column":26},"end":{"line":86,"column":null}},"1":{"start":{"line":101,"column":40},"end":{"line":101,"column":null}},"2":{"start":{"line":102,"column":58},"end":{"line":102,"column":null}},"3":{"start":{"line":105,"column":21},"end":{"line":105,"column":null}},"4":{"start":{"line":105,"column":51},"end":{"line":105,"column":null}},"5":{"start":{"line":108,"column":26},"end":{"line":135,"column":null}},"6":{"start":{"line":109,"column":4},"end":{"line":109,"column":null}},"7":{"start":{"line":109,"column":62},"end":{"line":109,"column":null}},"8":{"start":{"line":111,"column":4},"end":{"line":111,"column":null}},"9":{"start":{"line":112,"column":4},"end":{"line":134,"column":null}},"10":{"start":{"line":113,"column":21},"end":{"line":113,"column":null}},"11":{"start":{"line":114,"column":6},"end":{"line":129,"column":null}},"12":{"start":{"line":116,"column":29},"end":{"line":116,"column":null}},"13":{"start":{"line":119,"column":8},"end":{"line":124,"column":null}},"14":{"start":{"line":120,"column":10},"end":{"line":123,"column":null}},"15":{"start":{"line":121,"column":12},"end":{"line":121,"column":null}},"16":{"start":{"line":122,"column":12},"end":{"line":122,"column":null}},"17":{"start":{"line":127,"column":8},"end":{"line":127,"column":null}},"18":{"start":{"line":128,"column":8},"end":{"line":128,"column":null}},"19":{"start":{"line":128,"column":25},"end":{"line":128,"column":61}},"20":{"start":{"line":131,"column":6},"end":{"line":131,"column":null}},"21":{"start":{"line":133,"column":6},"end":{"line":133,"column":null}},"22":{"start":{"line":138,"column":26},"end":{"line":144,"column":null}},"23":{"start":{"line":139,"column":4},"end":{"line":139,"column":null}},"24":{"start":{"line":141,"column":4},"end":{"line":143,"column":null}},"25":{"start":{"line":142,"column":6},"end":{"line":142,"column":null}},"26":{"start":{"line":147,"column":4},"end":{"line":278,"column":null}},"27":{"start":{"line":198,"column":25},"end":{"line":198,"column":null}},"28":{"start":{"line":214,"column":25},"end":{"line":214,"column":null}},"29":{"start":{"line":225,"column":25},"end":{"line":225,"column":null}},"30":{"start":{"line":236,"column":25},"end":{"line":236,"column":null}},"31":{"start":{"line":251,"column":25},"end":{"line":251,"column":null}},"32":{"start":{"line":267,"column":25},"end":{"line":267,"column":null}},"33":{"start":{"line":281,"column":2},"end":{"line":299,"column":null}},"34":{"start":{"line":282,"column":4},"end":{"line":297,"column":null}},"35":{"start":{"line":301,"column":2},"end":{"line":312,"column":null}},"36":{"start":{"line":334,"column":21},"end":{"line":334,"column":null}},"37":{"start":{"line":334,"column":54},"end":{"line":334,"column":55}},"38":{"start":{"line":336,"column":2},"end":{"line":342,"column":null}},"39":{"start":{"line":337,"column":4},"end":{"line":340,"column":null}},"40":{"start":{"line":345,"column":16},"end":{"line":349,"column":null}},"41":{"start":{"line":351,"column":16},"end":{"line":355,"column":null}},"42":{"start":{"line":357,"column":23},"end":{"line":357,"column":null}},"43":{"start":{"line":359,"column":2},"end":{"line":365,"column":null}},"44":{"start":{"line":360,"column":4},"end":{"line":363,"column":null}},"45":{"start":{"line":367,"column":2},"end":{"line":376,"column":null}},"46":{"start":{"line":368,"column":4},"end":{"line":374,"column":null}},"47":{"start":{"line":378,"column":2},"end":{"line":383,"column":null}},"48":{"start":{"line":414,"column":2},"end":{"line":469,"column":null}}},"fnMap":{"0":{"name":"AddressFields","decl":{"start":{"line":88,"column":16},"end":{"line":88,"column":30}},"loc":{"start":{"line":100,"column":23},"end":{"line":314,"column":null}},"line":100},"1":{"name":"(anonymous_1)","decl":{"start":{"line":105,"column":21},"end":{"line":105,"column":22}},"loc":{"start":{"line":105,"column":51},"end":{"line":105,"column":null}},"line":105},"2":{"name":"(anonymous_2)","decl":{"start":{"line":108,"column":26},"end":{"line":108,"column":38}},"loc":{"start":{"line":108,"column":38},"end":{"line":135,"column":null}},"line":108},"3":{"name":"(anonymous_3)","decl":{"start":{"line":119,"column":39},"end":{"line":119,"column":40}},"loc":{"start":{"line":119,"column":57},"end":{"line":124,"column":9}},"line":119},"4":{"name":"(anonymous_4)","decl":{"start":{"line":128,"column":19},"end":{"line":128,"column":25}},"loc":{"start":{"line":128,"column":25},"end":{"line":128,"column":61}},"line":128},"5":{"name":"(anonymous_5)","decl":{"start":{"line":138,"column":26},"end":{"line":138,"column":27}},"loc":{"start":{"line":138,"column":45},"end":{"line":144,"column":null}},"line":138},"6":{"name":"(anonymous_6)","decl":{"start":{"line":198,"column":18},"end":{"line":198,"column":19}},"loc":{"start":{"line":198,"column":25},"end":{"line":198,"column":null}},"line":198},"7":{"name":"(anonymous_7)","decl":{"start":{"line":214,"column":18},"end":{"line":214,"column":19}},"loc":{"start":{"line":214,"column":25},"end":{"line":214,"column":null}},"line":214},"8":{"name":"(anonymous_8)","decl":{"start":{"line":225,"column":18},"end":{"line":225,"column":19}},"loc":{"start":{"line":225,"column":25},"end":{"line":225,"column":null}},"line":225},"9":{"name":"(anonymous_9)","decl":{"start":{"line":236,"column":18},"end":{"line":236,"column":19}},"loc":{"start":{"line":236,"column":25},"end":{"line":236,"column":null}},"line":236},"10":{"name":"(anonymous_10)","decl":{"start":{"line":251,"column":18},"end":{"line":251,"column":19}},"loc":{"start":{"line":251,"column":25},"end":{"line":251,"column":null}},"line":251},"11":{"name":"(anonymous_11)","decl":{"start":{"line":267,"column":18},"end":{"line":267,"column":19}},"loc":{"start":{"line":267,"column":25},"end":{"line":267,"column":null}},"line":267},"12":{"name":"AddressDisplay","decl":{"start":{"line":329,"column":16},"end":{"line":329,"column":31}},"loc":{"start":{"line":333,"column":24},"end":{"line":385,"column":null}},"line":333},"13":{"name":"(anonymous_13)","decl":{"start":{"line":334,"column":49},"end":{"line":334,"column":54}},"loc":{"start":{"line":334,"column":54},"end":{"line":334,"column":55}},"line":334},"14":{"name":"AddressCard","decl":{"start":{"line":406,"column":16},"end":{"line":406,"column":28}},"loc":{"start":{"line":413,"column":21},"end":{"line":471,"column":null}},"line":413}},"branchMap":{"0":{"loc":{"start":{"line":91,"column":2},"end":{"line":91,"column":null}},"type":"default-arg","locations":[{"start":{"line":91,"column":13},"end":{"line":91,"column":null}}],"line":91},"1":{"loc":{"start":{"line":92,"column":2},"end":{"line":92,"column":null}},"type":"default-arg","locations":[{"start":{"line":92,"column":11},"end":{"line":92,"column":null}}],"line":92},"2":{"loc":{"start":{"line":94,"column":2},"end":{"line":94,"column":null}},"type":"default-arg","locations":[{"start":{"line":94,"column":11},"end":{"line":94,"column":null}}],"line":94},"3":{"loc":{"start":{"line":96,"column":2},"end":{"line":96,"column":null}},"type":"default-arg","locations":[{"start":{"line":96,"column":10},"end":{"line":96,"column":null}}],"line":96},"4":{"loc":{"start":{"line":97,"column":2},"end":{"line":97,"column":null}},"type":"default-arg","locations":[{"start":{"line":97,"column":14},"end":{"line":97,"column":null}}],"line":97},"5":{"loc":{"start":{"line":98,"column":2},"end":{"line":98,"column":null}},"type":"default-arg","locations":[{"start":{"line":98,"column":19},"end":{"line":98,"column":null}}],"line":98},"6":{"loc":{"start":{"line":99,"column":2},"end":{"line":99,"column":null}},"type":"default-arg","locations":[{"start":{"line":99,"column":12},"end":{"line":99,"column":null}}],"line":99},"7":{"loc":{"start":{"line":109,"column":4},"end":{"line":109,"column":null}},"type":"if","locations":[{"start":{"line":109,"column":4},"end":{"line":109,"column":null}},{"start":{},"end":{}}],"line":109},"8":{"loc":{"start":{"line":109,"column":8},"end":{"line":109,"column":62}},"type":"binary-expr","locations":[{"start":{"line":109,"column":8},"end":{"line":109,"column":24}},{"start":{"line":109,"column":24},"end":{"line":109,"column":39}},{"start":{"line":109,"column":39},"end":{"line":109,"column":62}}],"line":109},"9":{"loc":{"start":{"line":114,"column":6},"end":{"line":129,"column":null}},"type":"if","locations":[{"start":{"line":114,"column":6},"end":{"line":129,"column":null}},{"start":{},"end":{}}],"line":114},"10":{"loc":{"start":{"line":120,"column":10},"end":{"line":123,"column":null}},"type":"if","locations":[{"start":{"line":120,"column":10},"end":{"line":123,"column":null}},{"start":{},"end":{}}],"line":120},"11":{"loc":{"start":{"line":141,"column":4},"end":{"line":143,"column":null}},"type":"if","locations":[{"start":{"line":141,"column":4},"end":{"line":143,"column":null}},{"start":{},"end":{}}],"line":141},"12":{"loc":{"start":{"line":141,"column":8},"end":{"line":141,"column":62}},"type":"binary-expr","locations":[{"start":{"line":141,"column":8},"end":{"line":141,"column":23}},{"start":{"line":141,"column":23},"end":{"line":141,"column":62}}],"line":141},"13":{"loc":{"start":{"line":149,"column":6},"end":{"line":149,"column":null}},"type":"cond-expr","locations":[{"start":{"line":149,"column":16},"end":{"line":149,"column":26}},{"start":{"line":149,"column":26},"end":{"line":149,"column":null}}],"line":149},"14":{"loc":{"start":{"line":155,"column":8},"end":{"line":155,"column":null}},"type":"binary-expr","locations":[{"start":{"line":155,"column":8},"end":{"line":155,"column":23}},{"start":{"line":155,"column":23},"end":{"line":155,"column":null}}],"line":155},"15":{"loc":{"start":{"line":162,"column":20},"end":{"line":162,"column":null}},"type":"binary-expr","locations":[{"start":{"line":162,"column":20},"end":{"line":162,"column":32}},{"start":{"line":162,"column":32},"end":{"line":162,"column":null}}],"line":162},"16":{"loc":{"start":{"line":166,"column":19},"end":{"line":166,"column":null}},"type":"cond-expr","locations":[{"start":{"line":166,"column":33},"end":{"line":166,"column":44}},{"start":{"line":166,"column":44},"end":{"line":166,"column":null}}],"line":166},"17":{"loc":{"start":{"line":168,"column":9},"end":{"line":186,"column":null}},"type":"binary-expr","locations":[{"start":{"line":168,"column":9},"end":{"line":168,"column":null}},{"start":{"line":169,"column":10},"end":{"line":186,"column":null}}],"line":168},"18":{"loc":{"start":{"line":174,"column":22},"end":{"line":174,"column":null}},"type":"binary-expr","locations":[{"start":{"line":174,"column":22},"end":{"line":174,"column":34}},{"start":{"line":174,"column":34},"end":{"line":174,"column":49}},{"start":{"line":174,"column":49},"end":{"line":174,"column":null}}],"line":174},"19":{"loc":{"start":{"line":181,"column":13},"end":{"line":184,"column":null}},"type":"cond-expr","locations":[{"start":{"line":182,"column":14},"end":{"line":182,"column":null}},{"start":{"line":184,"column":14},"end":{"line":184,"column":null}}],"line":181},"20":{"loc":{"start":{"line":189,"column":9},"end":{"line":190,"column":null}},"type":"binary-expr","locations":[{"start":{"line":189,"column":9},"end":{"line":189,"column":null}},{"start":{"line":190,"column":10},"end":{"line":190,"column":null}}],"line":189},"21":{"loc":{"start":{"line":206,"column":10},"end":{"line":206,"column":null}},"type":"binary-expr","locations":[{"start":{"line":206,"column":10},"end":{"line":206,"column":52}},{"start":{"line":206,"column":52},"end":{"line":206,"column":null}}],"line":206},"22":{"loc":{"start":{"line":243,"column":10},"end":{"line":243,"column":null}},"type":"binary-expr","locations":[{"start":{"line":243,"column":10},"end":{"line":243,"column":48}},{"start":{"line":243,"column":48},"end":{"line":243,"column":null}}],"line":243},"23":{"loc":{"start":{"line":258,"column":10},"end":{"line":258,"column":null}},"type":"binary-expr","locations":[{"start":{"line":258,"column":10},"end":{"line":258,"column":48}},{"start":{"line":258,"column":48},"end":{"line":258,"column":null}}],"line":258},"24":{"loc":{"start":{"line":275,"column":10},"end":{"line":275,"column":null}},"type":"binary-expr","locations":[{"start":{"line":275,"column":10},"end":{"line":275,"column":48}},{"start":{"line":275,"column":48},"end":{"line":275,"column":null}}],"line":275},"25":{"loc":{"start":{"line":281,"column":2},"end":{"line":299,"column":null}},"type":"if","locations":[{"start":{"line":281,"column":2},"end":{"line":299,"column":null}},{"start":{},"end":{}}],"line":281},"26":{"loc":{"start":{"line":303,"column":7},"end":{"line":309,"column":null}},"type":"binary-expr","locations":[{"start":{"line":303,"column":7},"end":{"line":303,"column":null}},{"start":{"line":304,"column":8},"end":{"line":309,"column":null}}],"line":303},"27":{"loc":{"start":{"line":332,"column":2},"end":{"line":332,"column":null}},"type":"default-arg","locations":[{"start":{"line":332,"column":11},"end":{"line":332,"column":null}}],"line":332},"28":{"loc":{"start":{"line":336,"column":2},"end":{"line":342,"column":null}},"type":"if","locations":[{"start":{"line":336,"column":2},"end":{"line":342,"column":null}},{"start":{},"end":{}}],"line":336},"29":{"loc":{"start":{"line":347,"column":4},"end":{"line":347,"column":null}},"type":"binary-expr","locations":[{"start":{"line":347,"column":4},"end":{"line":347,"column":22}},{"start":{"line":347,"column":22},"end":{"line":347,"column":null}}],"line":347},"30":{"loc":{"start":{"line":359,"column":2},"end":{"line":365,"column":null}},"type":"if","locations":[{"start":{"line":359,"column":2},"end":{"line":365,"column":null}},{"start":{},"end":{}}],"line":359},"31":{"loc":{"start":{"line":367,"column":2},"end":{"line":376,"column":null}},"type":"if","locations":[{"start":{"line":367,"column":2},"end":{"line":376,"column":null}},{"start":{},"end":{}}],"line":367},"32":{"loc":{"start":{"line":380,"column":7},"end":{"line":380,"column":null}},"type":"binary-expr","locations":[{"start":{"line":380,"column":7},"end":{"line":380,"column":16}},{"start":{"line":380,"column":16},"end":{"line":380,"column":null}}],"line":380},"33":{"loc":{"start":{"line":381,"column":7},"end":{"line":381,"column":null}},"type":"binary-expr","locations":[{"start":{"line":381,"column":7},"end":{"line":381,"column":16}},{"start":{"line":381,"column":16},"end":{"line":381,"column":null}}],"line":381},"34":{"loc":{"start":{"line":382,"column":7},"end":{"line":382,"column":null}},"type":"binary-expr","locations":[{"start":{"line":382,"column":7},"end":{"line":382,"column":23}},{"start":{"line":382,"column":23},"end":{"line":382,"column":null}}],"line":382},"35":{"loc":{"start":{"line":411,"column":2},"end":{"line":411,"column":null}},"type":"default-arg","locations":[{"start":{"line":411,"column":10},"end":{"line":411,"column":null}}],"line":411},"36":{"loc":{"start":{"line":412,"column":2},"end":{"line":412,"column":null}},"type":"default-arg","locations":[{"start":{"line":412,"column":14},"end":{"line":412,"column":null}}],"line":412},"37":{"loc":{"start":{"line":417,"column":6},"end":{"line":417,"column":null}},"type":"cond-expr","locations":[{"start":{"line":417,"column":18},"end":{"line":417,"column":53}},{"start":{"line":417,"column":53},"end":{"line":417,"column":null}}],"line":417},"38":{"loc":{"start":{"line":424,"column":12},"end":{"line":424,"column":null}},"type":"cond-expr","locations":[{"start":{"line":424,"column":24},"end":{"line":424,"column":55}},{"start":{"line":424,"column":55},"end":{"line":424,"column":null}}],"line":424},"39":{"loc":{"start":{"line":431,"column":15},"end":{"line":434,"column":null}},"type":"binary-expr","locations":[{"start":{"line":431,"column":15},"end":{"line":431,"column":null}},{"start":{"line":432,"column":16},"end":{"line":434,"column":null}}],"line":431},"40":{"loc":{"start":{"line":441,"column":8},"end":{"line":466,"column":null}},"type":"binary-expr","locations":[{"start":{"line":444,"column":10},"end":{"line":444,"column":20}},{"start":{"line":444,"column":20},"end":{"line":444,"column":null}},{"start":{"line":445,"column":10},"end":{"line":466,"column":null}}],"line":441},"41":{"loc":{"start":{"line":446,"column":13},"end":{"line":454,"column":null}},"type":"binary-expr","locations":[{"start":{"line":446,"column":13},"end":{"line":446,"column":null}},{"start":{"line":447,"column":14},"end":{"line":454,"column":null}}],"line":446},"42":{"loc":{"start":{"line":456,"column":13},"end":{"line":464,"column":null}},"type":"binary-expr","locations":[{"start":{"line":456,"column":13},"end":{"line":456,"column":null}},{"start":{"line":457,"column":14},"end":{"line":464,"column":null}}],"line":456}},"s":{"0":0,"1":0,"2":0,"3":0,"4":0,"5":0,"6":0,"7":0,"8":0,"9":0,"10":0,"11":0,"12":0,"13":0,"14":0,"15":0,"16":0,"17":0,"18":0,"19":0,"20":0,"21":0,"22":0,"23":0,"24":0,"25":0,"26":0,"27":0,"28":0,"29":0,"30":0,"31":0,"32":0,"33":0,"34":0,"35":0,"36":0,"37":0,"38":0,"39":0,"40":0,"41":0,"42":0,"43":0,"44":0,"45":0,"46":0,"47":0,"48":0},"f":{"0":0,"1":0,"2":0,"3":0,"4":0,"5":0,"6":0,"7":0,"8":0,"9":0,"10":0,"11":0,"12":0,"13":0,"14":0},"b":{"0":[0],"1":[0],"2":[0],"3":[0],"4":[0],"5":[0],"6":[0],"7":[0,0],"8":[0,0,0],"9":[0,0],"10":[0,0],"11":[0,0],"12":[0,0],"13":[0,0],"14":[0,0],"15":[0,0],"16":[0,0],"17":[0,0],"18":[0,0,0],"19":[0,0],"20":[0,0],"21":[0,0],"22":[0,0],"23":[0,0],"24":[0,0],"25":[0,0],"26":[0,0],"27":[0],"28":[0,0],"29":[0,0],"30":[0,0],"31":[0,0],"32":[0,0],"33":[0,0],"34":[0,0],"35":[0],"36":[0],"37":[0,0],"38":[0,0],"39":[0,0],"40":[0,0,0],"41":[0,0],"42":[0,0]},"meta":{"lastBranch":43,"lastFunction":15,"lastStatement":49,"seen":{"s:58:26:86:Infinity":0,"f:88:16:88:30":0,"b:91:13:91:Infinity":0,"b:92:11:92:Infinity":1,"b:94:11:94:Infinity":2,"b:96:10:96:Infinity":3,"b:97:14:97:Infinity":4,"b:98:19:98:Infinity":5,"b:99:12:99:Infinity":6,"s:101:40:101:Infinity":1,"s:102:58:102:Infinity":2,"s:105:21:105:Infinity":3,"f:105:21:105:22":1,"s:105:51:105:Infinity":4,"s:108:26:135:Infinity":5,"f:108:26:108:38":2,"b:109:4:109:Infinity:undefined:undefined:undefined:undefined":7,"s:109:4:109:Infinity":6,"b:109:8:109:24:109:24:109:39:109:39:109:62":8,"s:109:62:109:Infinity":7,"s:111:4:111:Infinity":8,"s:112:4:134:Infinity":9,"s:113:21:113:Infinity":10,"b:114:6:129:Infinity:undefined:undefined:undefined:undefined":9,"s:114:6:129:Infinity":11,"s:116:29:116:Infinity":12,"s:119:8:124:Infinity":13,"f:119:39:119:40":3,"b:120:10:123:Infinity:undefined:undefined:undefined:undefined":10,"s:120:10:123:Infinity":14,"s:121:12:121:Infinity":15,"s:122:12:122:Infinity":16,"s:127:8:127:Infinity":17,"s:128:8:128:Infinity":18,"f:128:19:128:25":4,"s:128:25:128:61":19,"s:131:6:131:Infinity":20,"s:133:6:133:Infinity":21,"s:138:26:144:Infinity":22,"f:138:26:138:27":5,"s:139:4:139:Infinity":23,"b:141:4:143:Infinity:undefined:undefined:undefined:undefined":11,"s:141:4:143:Infinity":24,"b:141:8:141:23:141:23:141:62":12,"s:142:6:142:Infinity":25,"s:147:4:278:Infinity":26,"b:149:16:149:26:149:26:149:Infinity":13,"b:155:8:155:23:155:23:155:Infinity":14,"b:162:20:162:32:162:32:162:Infinity":15,"b:166:33:166:44:166:44:166:Infinity":16,"b:168:9:168:Infinity:169:10:186:Infinity":17,"b:174:22:174:34:174:34:174:49:174:49:174:Infinity":18,"b:182:14:182:Infinity:184:14:184:Infinity":19,"b:189:9:189:Infinity:190:10:190:Infinity":20,"f:198:18:198:19":6,"s:198:25:198:Infinity":27,"b:206:10:206:52:206:52:206:Infinity":21,"f:214:18:214:19":7,"s:214:25:214:Infinity":28,"f:225:18:225:19":8,"s:225:25:225:Infinity":29,"f:236:18:236:19":9,"s:236:25:236:Infinity":30,"b:243:10:243:48:243:48:243:Infinity":22,"f:251:18:251:19":10,"s:251:25:251:Infinity":31,"b:258:10:258:48:258:48:258:Infinity":23,"f:267:18:267:19":11,"s:267:25:267:Infinity":32,"b:275:10:275:48:275:48:275:Infinity":24,"b:281:2:299:Infinity:undefined:undefined:undefined:undefined":25,"s:281:2:299:Infinity":33,"s:282:4:297:Infinity":34,"s:301:2:312:Infinity":35,"b:303:7:303:Infinity:304:8:309:Infinity":26,"f:329:16:329:31":12,"b:332:11:332:Infinity":27,"s:334:21:334:Infinity":36,"f:334:49:334:54":13,"s:334:54:334:55":37,"b:336:2:342:Infinity:undefined:undefined:undefined:undefined":28,"s:336:2:342:Infinity":38,"s:337:4:340:Infinity":39,"s:345:16:349:Infinity":40,"b:347:4:347:22:347:22:347:Infinity":29,"s:351:16:355:Infinity":41,"s:357:23:357:Infinity":42,"b:359:2:365:Infinity:undefined:undefined:undefined:undefined":30,"s:359:2:365:Infinity":43,"s:360:4:363:Infinity":44,"b:367:2:376:Infinity:undefined:undefined:undefined:undefined":31,"s:367:2:376:Infinity":45,"s:368:4:374:Infinity":46,"s:378:2:383:Infinity":47,"b:380:7:380:16:380:16:380:Infinity":32,"b:381:7:381:16:381:16:381:Infinity":33,"b:382:7:382:23:382:23:382:Infinity":34,"f:406:16:406:28":14,"b:411:10:411:Infinity":35,"b:412:14:412:Infinity":36,"s:414:2:469:Infinity":48,"b:417:18:417:53:417:53:417:Infinity":37,"b:424:24:424:55:424:55:424:Infinity":38,"b:431:15:431:Infinity:432:16:434:Infinity":39,"b:444:10:444:20:444:20:444:Infinity:445:10:466:Infinity":40,"b:446:13:446:Infinity:447:14:454:Infinity":41,"b:456:13:456:Infinity:457:14:464:Infinity":42}}}
,"C:\\Users\\Lucas\\OneDrive\\Documentos\\PROJETOS - CODE\\GOOGLE ANTIGRAVITY PROJECTS\\Minutas-Cartorio-Documentos\\Frontend\\src\\components\\forms\\CertidaoSection.tsx": {"path":"C:\\Users\\Lucas\\OneDrive\\Documentos\\PROJETOS - CODE\\GOOGLE ANTIGRAVITY PROJECTS\\Minutas-Cartorio-Documentos\\Frontend\\src\\components\\forms\\CertidaoSection.tsx","statementMap":{"0":{"start":{"line":38,"column":2},"end":{"line":69,"column":null}},"1":{"start":{"line":58,"column":10},"end":{"line":66,"column":null}},"2":{"start":{"line":64,"column":29},"end":{"line":64,"column":null}}},"fnMap":{"0":{"name":"CertidaoSection","decl":{"start":{"line":29,"column":16},"end":{"line":29,"column":32}},"loc":{"start":{"line":37,"column":25},"end":{"line":71,"column":null}},"line":37},"1":{"name":"(anonymous_1)","decl":{"start":{"line":57,"column":20},"end":{"line":57,"column":21}},"loc":{"start":{"line":58,"column":10},"end":{"line":66,"column":null}},"line":58},"2":{"name":"(anonymous_2)","decl":{"start":{"line":64,"column":22},"end":{"line":64,"column":23}},"loc":{"start":{"line":64,"column":29},"end":{"line":64,"column":null}},"line":64}},"branchMap":{"0":{"loc":{"start":{"line":34,"column":2},"end":{"line":34,"column":null}},"type":"default-arg","locations":[{"start":{"line":34,"column":16},"end":{"line":34,"column":null}}],"line":34},"1":{"loc":{"start":{"line":35,"column":2},"end":{"line":35,"column":null}},"type":"default-arg","locations":[{"start":{"line":35,"column":14},"end":{"line":35,"column":null}}],"line":35},"2":{"loc":{"start":{"line":36,"column":2},"end":{"line":36,"column":null}},"type":"default-arg","locations":[{"start":{"line":36,"column":13},"end":{"line":36,"column":null}}],"line":36},"3":{"loc":{"start":{"line":42,"column":8},"end":{"line":52,"column":null}},"type":"binary-expr","locations":[{"start":{"line":42,"column":8},"end":{"line":42,"column":null}},{"start":{"line":43,"column":10},"end":{"line":52,"column":null}}],"line":42},"4":{"loc":{"start":{"line":47,"column":22},"end":{"line":47,"column":null}},"type":"binary-expr","locations":[{"start":{"line":47,"column":22},"end":{"line":47,"column":35}},{"start":{"line":47,"column":35},"end":{"line":47,"column":null}}],"line":47},"5":{"loc":{"start":{"line":50,"column":50},"end":{"line":50,"column":81}},"type":"cond-expr","locations":[{"start":{"line":50,"column":62},"end":{"line":50,"column":79}},{"start":{"line":50,"column":79},"end":{"line":50,"column":81}}],"line":50},"6":{"loc":{"start":{"line":56,"column":23},"end":{"line":56,"column":null}},"type":"cond-expr","locations":[{"start":{"line":56,"column":44},"end":{"line":56,"column":73}},{"start":{"line":56,"column":73},"end":{"line":56,"column":null}}],"line":56}},"s":{"0":0,"1":0,"2":0},"f":{"0":0,"1":0,"2":0},"b":{"0":[0],"1":[0],"2":[0],"3":[0,0],"4":[0,0],"5":[0,0],"6":[0,0]},"meta":{"lastBranch":7,"lastFunction":3,"lastStatement":3,"seen":{"f:29:16:29:32":0,"b:34:16:34:Infinity":0,"b:35:14:35:Infinity":1,"b:36:13:36:Infinity":2,"s:38:2:69:Infinity":0,"b:42:8:42:Infinity:43:10:52:Infinity":3,"b:47:22:47:35:47:35:47:Infinity":4,"b:50:62:50:79:50:79:50:81":5,"b:56:44:56:73:56:73:56:Infinity":6,"f:57:20:57:21":1,"s:58:10:66:Infinity":1,"f:64:22:64:23":2,"s:64:29:64:Infinity":2}}}
,"C:\\Users\\Lucas\\OneDrive\\Documentos\\PROJETOS - CODE\\GOOGLE ANTIGRAVITY PROJECTS\\Minutas-Cartorio-Documentos\\Frontend\\src\\components\\forms\\CheckboxGroup.tsx": {"path":"C:\\Users\\Lucas\\OneDrive\\Documentos\\PROJETOS - CODE\\GOOGLE ANTIGRAVITY PROJECTS\\Minutas-Cartorio-Documentos\\Frontend\\src\\components\\forms\\CheckboxGroup.tsx","statementMap":{"0":{"start":{"line":61,"column":17},"end":{"line":65,"column":null}},"1":{"start":{"line":81,"column":18},"end":{"line":81,"column":null}},"2":{"start":{"line":82,"column":19},"end":{"line":82,"column":null}},"3":{"start":{"line":85,"column":21},"end":{"line":113,"column":null}},"4":{"start":{"line":116,"column":23},"end":{"line":116,"column":null}},"5":{"start":{"line":119,"column":23},"end":{"line":126,"column":null}},"6":{"start":{"line":128,"column":2},"end":{"line":261,"column":null}},"7":{"start":{"line":192,"column":29},"end":{"line":192,"column":null}},"8":{"start":{"line":193,"column":28},"end":{"line":193,"column":null}},"9":{"start":{"line":195,"column":10},"end":{"line":249,"column":null}},"10":{"start":{"line":207,"column":46},"end":{"line":207,"column":null}},"11":{"start":{"line":299,"column":2},"end":{"line":340,"column":null}},"12":{"start":{"line":373,"column":38},"end":{"line":373,"column":null}},"13":{"start":{"line":375,"column":24},"end":{"line":383,"column":null}},"14":{"start":{"line":376,"column":4},"end":{"line":376,"column":null}},"15":{"start":{"line":376,"column":21},"end":{"line":376,"column":null}},"16":{"start":{"line":377,"column":17},"end":{"line":377,"column":null}},"17":{"start":{"line":378,"column":4},"end":{"line":382,"column":null}},"18":{"start":{"line":380,"column":8},"end":{"line":381,"column":null}},"19":{"start":{"line":385,"column":2},"end":{"line":446,"column":null}},"20":{"start":{"line":393,"column":27},"end":{"line":393,"column":null}},"21":{"start":{"line":413,"column":12},"end":{"line":431,"column":null}},"22":{"start":{"line":424,"column":46},"end":{"line":424,"column":null}}},"fnMap":{"0":{"name":"CheckboxGroup","decl":{"start":{"line":67,"column":16},"end":{"line":67,"column":30}},"loc":{"start":{"line":80,"column":23},"end":{"line":263,"column":null}},"line":80},"1":{"name":"(anonymous_1)","decl":{"start":{"line":191,"column":19},"end":{"line":191,"column":20}},"loc":{"start":{"line":191,"column":29},"end":{"line":251,"column":9}},"line":191},"2":{"name":"(anonymous_2)","decl":{"start":{"line":207,"column":33},"end":{"line":207,"column":34}},"loc":{"start":{"line":207,"column":46},"end":{"line":207,"column":null}},"line":207},"3":{"name":"CheckboxCard","decl":{"start":{"line":289,"column":16},"end":{"line":289,"column":29}},"loc":{"start":{"line":298,"column":22},"end":{"line":342,"column":null}},"line":298},"4":{"name":"CheckboxList","decl":{"start":{"line":365,"column":16},"end":{"line":365,"column":29}},"loc":{"start":{"line":372,"column":22},"end":{"line":448,"column":null}},"line":372},"5":{"name":"(anonymous_5)","decl":{"start":{"line":375,"column":38},"end":{"line":375,"column":44}},"loc":{"start":{"line":375,"column":44},"end":{"line":383,"column":5}},"line":375},"6":{"name":"(anonymous_6)","decl":{"start":{"line":379,"column":6},"end":{"line":379,"column":null}},"loc":{"start":{"line":380,"column":8},"end":{"line":381,"column":null}},"line":380},"7":{"name":"(anonymous_7)","decl":{"start":{"line":393,"column":20},"end":{"line":393,"column":21}},"loc":{"start":{"line":393,"column":27},"end":{"line":393,"column":null}},"line":393},"8":{"name":"(anonymous_8)","decl":{"start":{"line":412,"column":28},"end":{"line":412,"column":29}},"loc":{"start":{"line":413,"column":12},"end":{"line":431,"column":null}},"line":413},"9":{"name":"(anonymous_9)","decl":{"start":{"line":424,"column":33},"end":{"line":424,"column":34}},"loc":{"start":{"line":424,"column":46},"end":{"line":424,"column":null}},"line":424}},"branchMap":{"0":{"loc":{"start":{"line":71,"column":2},"end":{"line":71,"column":null}},"type":"default-arg","locations":[{"start":{"line":71,"column":12},"end":{"line":71,"column":null}}],"line":71},"1":{"loc":{"start":{"line":76,"column":2},"end":{"line":76,"column":null}},"type":"default-arg","locations":[{"start":{"line":76,"column":13},"end":{"line":76,"column":null}}],"line":76},"2":{"loc":{"start":{"line":77,"column":2},"end":{"line":77,"column":null}},"type":"default-arg","locations":[{"start":{"line":77,"column":13},"end":{"line":77,"column":null}}],"line":77},"3":{"loc":{"start":{"line":78,"column":2},"end":{"line":78,"column":null}},"type":"default-arg","locations":[{"start":{"line":78,"column":12},"end":{"line":78,"column":null}}],"line":78},"4":{"loc":{"start":{"line":79,"column":2},"end":{"line":79,"column":null}},"type":"default-arg","locations":[{"start":{"line":79,"column":16},"end":{"line":79,"column":null}}],"line":79},"5":{"loc":{"start":{"line":116,"column":23},"end":{"line":116,"column":null}},"type":"cond-expr","locations":[{"start":{"line":116,"column":45},"end":{"line":116,"column":57}},{"start":{"line":116,"column":57},"end":{"line":116,"column":null}}],"line":116},"6":{"loc":{"start":{"line":122,"column":13},"end":{"line":124,"column":null}},"type":"cond-expr","locations":[{"start":{"line":123,"column":8},"end":{"line":123,"column":null}},{"start":{"line":124,"column":8},"end":{"line":124,"column":null}}],"line":122},"7":{"loc":{"start":{"line":131,"column":23},"end":{"line":131,"column":null}},"type":"cond-expr","locations":[{"start":{"line":131,"column":31},"end":{"line":131,"column":52}},{"start":{"line":131,"column":52},"end":{"line":131,"column":null}}],"line":131},"8":{"loc":{"start":{"line":132,"column":6},"end":{"line":135,"column":null}},"type":"binary-expr","locations":[{"start":{"line":132,"column":6},"end":{"line":135,"column":11}},{"start":{"line":135,"column":11},"end":{"line":135,"column":null}}],"line":132},"9":{"loc":{"start":{"line":133,"column":8},"end":{"line":133,"column":null}},"type":"binary-expr","locations":[{"start":{"line":133,"column":8},"end":{"line":133,"column":23}},{"start":{"line":133,"column":23},"end":{"line":133,"column":null}}],"line":133},"10":{"loc":{"start":{"line":134,"column":8},"end":{"line":134,"column":null}},"type":"binary-expr","locations":[{"start":{"line":134,"column":8},"end":{"line":134,"column":20}},{"start":{"line":134,"column":20},"end":{"line":134,"column":null}}],"line":134},"11":{"loc":{"start":{"line":139,"column":7},"end":{"line":165,"column":null}},"type":"binary-expr","locations":[{"start":{"line":139,"column":7},"end":{"line":139,"column":null}},{"start":{"line":140,"column":8},"end":{"line":165,"column":null}}],"line":139},"12":{"loc":{"start":{"line":154,"column":11},"end":{"line":163,"column":null}},"type":"binary-expr","locations":[{"start":{"line":154,"column":11},"end":{"line":154,"column":null}},{"start":{"line":155,"column":12},"end":{"line":163,"column":null}}],"line":154},"13":{"loc":{"start":{"line":169,"column":7},"end":{"line":181,"column":null}},"type":"binary-expr","locations":[{"start":{"line":169,"column":7},"end":{"line":169,"column":null}},{"start":{"line":170,"column":8},"end":{"line":181,"column":null}}],"line":169},"14":{"loc":{"start":{"line":188,"column":10},"end":{"line":188,"column":null}},"type":"binary-expr","locations":[{"start":{"line":188,"column":10},"end":{"line":188,"column":36}},{"start":{"line":188,"column":36},"end":{"line":188,"column":null}}],"line":188},"15":{"loc":{"start":{"line":192,"column":29},"end":{"line":192,"column":null}},"type":"binary-expr","locations":[{"start":{"line":192,"column":29},"end":{"line":192,"column":41}},{"start":{"line":192,"column":41},"end":{"line":192,"column":null}}],"line":192},"16":{"loc":{"start":{"line":193,"column":28},"end":{"line":193,"column":null}},"type":"binary-expr","locations":[{"start":{"line":193,"column":28},"end":{"line":193,"column":47}},{"start":{"line":193,"column":47},"end":{"line":193,"column":null}}],"line":193},"17":{"loc":{"start":{"line":200,"column":16},"end":{"line":200,"column":null}},"type":"binary-expr","locations":[{"start":{"line":200,"column":16},"end":{"line":200,"column":30}},{"start":{"line":200,"column":30},"end":{"line":200,"column":null}}],"line":200},"18":{"loc":{"start":{"line":211,"column":18},"end":{"line":211,"column":null}},"type":"binary-expr","locations":[{"start":{"line":211,"column":18},"end":{"line":211,"column":43}},{"start":{"line":211,"column":43},"end":{"line":211,"column":null}}],"line":211},"19":{"loc":{"start":{"line":213,"column":34},"end":{"line":213,"column":null}},"type":"cond-expr","locations":[{"start":{"line":213,"column":53},"end":{"line":213,"column":73}},{"start":{"line":213,"column":73},"end":{"line":213,"column":null}}],"line":213},"20":{"loc":{"start":{"line":220,"column":19},"end":{"line":223,"column":null}},"type":"binary-expr","locations":[{"start":{"line":220,"column":19},"end":{"line":220,"column":null}},{"start":{"line":221,"column":20},"end":{"line":223,"column":null}}],"line":220},"21":{"loc":{"start":{"line":228,"column":22},"end":{"line":228,"column":null}},"type":"cond-expr","locations":[{"start":{"line":228,"column":46},"end":{"line":228,"column":58}},{"start":{"line":228,"column":58},"end":{"line":228,"column":null}}],"line":228},"22":{"loc":{"start":{"line":229,"column":22},"end":{"line":229,"column":null}},"type":"binary-expr","locations":[{"start":{"line":229,"column":22},"end":{"line":229,"column":35}},{"start":{"line":229,"column":35},"end":{"line":229,"column":60}},{"start":{"line":229,"column":60},"end":{"line":229,"column":null}}],"line":229},"23":{"loc":{"start":{"line":237,"column":17},"end":{"line":246,"column":null}},"type":"binary-expr","locations":[{"start":{"line":237,"column":17},"end":{"line":237,"column":37}},{"start":{"line":237,"column":37},"end":{"line":237,"column":null}},{"start":{"line":238,"column":18},"end":{"line":246,"column":null}}],"line":237},"24":{"loc":{"start":{"line":242,"column":22},"end":{"line":242,"column":null}},"type":"binary-expr","locations":[{"start":{"line":242,"column":22},"end":{"line":242,"column":35}},{"start":{"line":242,"column":35},"end":{"line":242,"column":null}}],"line":242},"25":{"loc":{"start":{"line":255,"column":7},"end":{"line":259,"column":null}},"type":"binary-expr","locations":[{"start":{"line":255,"column":7},"end":{"line":255,"column":null}},{"start":{"line":256,"column":8},"end":{"line":259,"column":null}}],"line":255},"26":{"loc":{"start":{"line":295,"column":2},"end":{"line":295,"column":null}},"type":"default-arg","locations":[{"start":{"line":295,"column":13},"end":{"line":295,"column":null}}],"line":295},"27":{"loc":{"start":{"line":305,"column":8},"end":{"line":307,"column":null}},"type":"cond-expr","locations":[{"start":{"line":306,"column":12},"end":{"line":306,"column":null}},{"start":{"line":307,"column":12},"end":{"line":307,"column":null}}],"line":305},"28":{"loc":{"start":{"line":308,"column":8},"end":{"line":308,"column":null}},"type":"binary-expr","locations":[{"start":{"line":308,"column":8},"end":{"line":308,"column":20}},{"start":{"line":308,"column":20},"end":{"line":308,"column":null}}],"line":308},"29":{"loc":{"start":{"line":313,"column":7},"end":{"line":319,"column":null}},"type":"binary-expr","locations":[{"start":{"line":313,"column":7},"end":{"line":313,"column":null}},{"start":{"line":314,"column":8},"end":{"line":319,"column":null}}],"line":313},"30":{"loc":{"start":{"line":316,"column":10},"end":{"line":316,"column":null}},"type":"cond-expr","locations":[{"start":{"line":316,"column":20},"end":{"line":316,"column":51}},{"start":{"line":316,"column":51},"end":{"line":316,"column":null}}],"line":316},"31":{"loc":{"start":{"line":334,"column":9},"end":{"line":337,"column":null}},"type":"binary-expr","locations":[{"start":{"line":334,"column":9},"end":{"line":334,"column":null}},{"start":{"line":335,"column":10},"end":{"line":337,"column":null}}],"line":334},"32":{"loc":{"start":{"line":369,"column":2},"end":{"line":369,"column":null}},"type":"default-arg","locations":[{"start":{"line":369,"column":14},"end":{"line":369,"column":null}}],"line":369},"33":{"loc":{"start":{"line":371,"column":2},"end":{"line":371,"column":null}},"type":"default-arg","locations":[{"start":{"line":371,"column":17},"end":{"line":371,"column":null}}],"line":371},"34":{"loc":{"start":{"line":376,"column":4},"end":{"line":376,"column":null}},"type":"if","locations":[{"start":{"line":376,"column":4},"end":{"line":376,"column":null}},{"start":{},"end":{}}],"line":376},"35":{"loc":{"start":{"line":380,"column":8},"end":{"line":381,"column":null}},"type":"binary-expr","locations":[{"start":{"line":380,"column":8},"end":{"line":380,"column":null}},{"start":{"line":381,"column":8},"end":{"line":381,"column":null}}],"line":380},"36":{"loc":{"start":{"line":388,"column":7},"end":{"line":400,"column":null}},"type":"binary-expr","locations":[{"start":{"line":388,"column":7},"end":{"line":388,"column":null}},{"start":{"line":389,"column":8},"end":{"line":400,"column":null}}],"line":388},"37":{"loc":{"start":{"line":411,"column":9},"end":{"line":436,"column":null}},"type":"cond-expr","locations":[{"start":{"line":412,"column":10},"end":{"line":432,"column":null}},{"start":{"line":434,"column":10},"end":{"line":436,"column":null}}],"line":411},"38":{"loc":{"start":{"line":418,"column":17},"end":{"line":418,"column":null}},"type":"binary-expr","locations":[{"start":{"line":418,"column":17},"end":{"line":418,"column":35}},{"start":{"line":418,"column":35},"end":{"line":418,"column":null}}],"line":418},"39":{"loc":{"start":{"line":423,"column":25},"end":{"line":423,"column":null}},"type":"binary-expr","locations":[{"start":{"line":423,"column":25},"end":{"line":423,"column":44}},{"start":{"line":423,"column":44},"end":{"line":423,"column":null}}],"line":423},"40":{"loc":{"start":{"line":441,"column":7},"end":{"line":444,"column":null}},"type":"binary-expr","locations":[{"start":{"line":441,"column":7},"end":{"line":441,"column":null}},{"start":{"line":442,"column":8},"end":{"line":444,"column":null}}],"line":441}},"s":{"0":0,"1":0,"2":0,"3":0,"4":0,"5":0,"6":0,"7":0,"8":0,"9":0,"10":0,"11":0,"12":0,"13":0,"14":0,"15":0,"16":0,"17":0,"18":0,"19":0,"20":0,"21":0,"22":0},"f":{"0":0,"1":0,"2":0,"3":0,"4":0,"5":0,"6":0,"7":0,"8":0,"9":0},"b":{"0":[0],"1":[0],"2":[0],"3":[0],"4":[0],"5":[0,0],"6":[0,0],"7":[0,0],"8":[0,0],"9":[0,0],"10":[0,0],"11":[0,0],"12":[0,0],"13":[0,0],"14":[0,0],"15":[0,0],"16":[0,0],"17":[0,0],"18":[0,0],"19":[0,0],"20":[0,0],"21":[0,0],"22":[0,0,0],"23":[0,0,0],"24":[0,0],"25":[0,0],"26":[0],"27":[0,0],"28":[0,0],"29":[0,0],"30":[0,0],"31":[0,0],"32":[0],"33":[0],"34":[0,0],"35":[0,0],"36":[0,0],"37":[0,0],"38":[0,0],"39":[0,0],"40":[0,0]},"meta":{"lastBranch":41,"lastFunction":10,"lastStatement":23,"seen":{"s:61:17:65:Infinity":0,"f:67:16:67:30":0,"b:71:12:71:Infinity":0,"b:76:13:76:Infinity":1,"b:77:13:77:Infinity":2,"b:78:12:78:Infinity":3,"b:79:16:79:Infinity":4,"s:81:18:81:Infinity":1,"s:82:19:82:Infinity":2,"s:85:21:113:Infinity":3,"s:116:23:116:Infinity":4,"b:116:45:116:57:116:57:116:Infinity":5,"s:119:23:126:Infinity":5,"b:123:8:123:Infinity:124:8:124:Infinity":6,"s:128:2:261:Infinity":6,"b:131:31:131:52:131:52:131:Infinity":7,"b:132:6:135:11:135:11:135:Infinity":8,"b:133:8:133:23:133:23:133:Infinity":9,"b:134:8:134:20:134:20:134:Infinity":10,"b:139:7:139:Infinity:140:8:165:Infinity":11,"b:154:11:154:Infinity:155:12:163:In
[...]
ine":217,"column":2},"end":{"line":234,"column":null}},"18":{"start":{"line":238,"column":2},"end":{"line":257,"column":null}},"19":{"start":{"line":261,"column":2},"end":{"line":303,"column":null}}},"fnMap":{"0":{"name":"generateId","decl":{"start":{"line":24,"column":16},"end":{"line":24,"column":37}},"loc":{"start":{"line":24,"column":37},"end":{"line":26,"column":null}},"line":24},"1":{"name":"createEmptyEndereco","decl":{"start":{"line":28,"column":16},"end":{"line":28,"column":48}},"loc":{"start":{"line":28,"column":48},"end":{"line":38,"column":null}},"line":28},"2":{"name":"createEmptyContato","decl":{"start":{"line":40,"column":16},"end":{"line":40,"column":46}},"loc":{"start":{"line":40,"column":46},"end":{"line":45,"column":null}},"line":40},"3":{"name":"createEmptyCertidaoCNDT","decl":{"start":{"line":47,"column":16},"end":{"line":47,"column":56}},"loc":{"start":{"line":47,"column":56},"end":{"line":53,"column":null}},"line":47},"4":{"name":"createEmptyCertidaoUniao","decl":{"start":{"line":55,"column":16},"end":{"line":55,"column":58}},"loc":{"start":{"line":55,"column":58},"end":{"line":63,"column":null}},"line":55},"5":{"name":"createEmptyDadosFamiliares","decl":{"start":{"line":65,"column":16},"end":{"line":65,"column":62}},"loc":{"start":{"line":65,"column":62},"end":{"line":78,"column":null}},"line":65},"6":{"name":"createEmptyRegistroVigente","decl":{"start":{"line":80,"column":16},"end":{"line":80,"column":62}},"loc":{"start":{"line":80,"column":62},"end":{"line":87,"column":null}},"line":80},"7":{"name":"createEmptyCertidaoEmpresa","decl":{"start":{"line":89,"column":16},"end":{"line":89,"column":62}},"loc":{"start":{"line":89,"column":62},"end":{"line":94,"column":null}},"line":89},"8":{"name":"createEmptyRepresentanteAdministrador","decl":{"start":{"line":96,"column":16},"end":{"line":96,"column":84}},"loc":{"start":{"line":96,"column":84},"end":{"line":114,"column":null}},"line":96},"9":{"name":"createEmptyRepresentanteProcurador","decl":{"start":{"line":116,"column":16},"end":{"line":116,"column":78}},"loc":{"start":{"line":116,"column":78},"end":{"line":137,"column":null}},"line":116},"10":{"name":"createEmptyDadosBancarios","decl":{"start":{"line":139,"column":16},"end":{"line":139,"column":60}},"loc":{"start":{"line":139,"column":60},"end":{"line":145,"column":null}},"line":139},"11":{"name":"createEmptyFormaPagamentoDetalhada","decl":{"start":{"line":147,"column":16},"end":{"line":147,"column":78}},"loc":{"start":{"line":147,"column":78},"end":{"line":155,"column":null}},"line":147},"12":{"name":"createEmptyTermosEspeciais","decl":{"start":{"line":157,"column":16},"end":{"line":157,"column":62}},"loc":{"start":{"line":157,"column":62},"end":{"line":163,"column":null}},"line":157},"13":{"name":"createEmptyIndisponibilidadeBens","decl":{"start":{"line":165,"column":16},"end":{"line":165,"column":74}},"loc":{"start":{"line":165,"column":74},"end":{"line":171,"column":null}},"line":165},"14":{"name":"createEmptyImpostoTransmissao","decl":{"start":{"line":173,"column":16},"end":{"line":173,"column":68}},"loc":{"start":{"line":173,"column":68},"end":{"line":179,"column":null}},"line":173},"15":{"name":"createEmptyParticipanteNegocio","decl":{"start":{"line":181,"column":16},"end":{"line":181,"column":70}},"loc":{"start":{"line":181,"column":70},"end":{"line":190,"column":null}},"line":181},"16":{"name":"createEmptyPessoaNatural","decl":{"start":{"line":192,"column":16},"end":{"line":192,"column":58}},"loc":{"start":{"line":192,"column":58},"end":{"line":214,"column":null}},"line":192},"17":{"name":"createEmptyPessoaJuridica","decl":{"start":{"line":216,"column":16},"end":{"line":216,"column":60}},"loc":{"start":{"line":216,"column":60},"end":{"line":235,"column":null}},"line":216},"18":{"name":"createEmptyNegocioJuridico","decl":{"start":{"line":237,"column":16},"end":{"line":237,"column":62}},"loc":{"start":{"line":237,"column":62},"end":{"line":258,"column":null}},"line":237},"19":{"name":"createEmptyImovel","decl":{"start":{"line":260,"column":16},"end":{"line":260,"column":44}},"loc":{"start":{"line":260,"column":44},"end":{"line":304,"column":null}},"line":260}},"branchMap":{},"s":{"0":0,"1":0,"2":0,"3":0,"4":0,"5":0,"6":0,"7":0,"8":0,"9":0,"10":0,"11":0,"12":0,"13":0,"14":0,"15":0,"16":0,"17":0,"18":0,"19":0},"f":{"0":0,"1":0,"2":0,"3":0,"4":0,"5":0,"6":0,"7":0,"8":0,"9":0,"10":0,"11":0,"12":0,"13":0,"14":0,"15":0,"16":0,"17":0,"18":0,"19":0},"b":{},"meta":{"lastBranch":0,"lastFunction":20,"lastStatement":20,"seen":{"f:24:16:24:37":0,"s:25:2:25:Infinity":0,"f:28:16:28:48":1,"s:29:2:37:Infinity":1,"f:40:16:40:46":2,"s:41:2:44:Infinity":2,"f:47:16:47:56":3,"s:48:2:52:Infinity":3,"f:55:16:55:58":4,"s:56:2:62:Infinity":4,"f:65:16:65:62":5,"s:66:2:77:Infinity":5,"f:80:16:80:62":6,"s:81:2:86:Infinity":6,"f:89:16:89:62":7,"s:90:2:93:Infinity":7,"f:96:16:96:84":8,"s:97:2:113:Infinity":8,"f:116:16:116:78":9,"s:117:2:136:Infinity":9,"f:139:16:139:60":10,"s:140:2:144:Infinity":10,"f:147:16:147:78":11,"s:148:2:154:Infinity":11,"f:157:16:157:62":12,"s:158:2:162:Infinity":12,"f:165:16:165:74":13,"s:166:2:170:Infinity":13,"f:173:16:173:68":14,"s:174:2:178:Infinity":14,"f:181:16:181:70":15,"s:182:2:189:Infinity":15,"f:192:16:192:58":16,"s:193:2:213:Infinity":16,"f:216:16:216:60":17,"s:217:2:234:Infinity":17,"f:237:16:237:62":18,"s:238:2:257:Infinity":18,"f:260:16:260:44":19,"s:261:2:303:Infinity":19}}}
,"C:\\Users\\Lucas\\OneDrive\\Documentos\\PROJETOS - CODE\\GOOGLE ANTIGRAVITY PROJECTS\\Minutas-Cartorio-Documentos\\Frontend\\src\\utils\\fileToGemini.ts": {"path":"C:\\Users\\Lucas\\OneDrive\\Documentos\\PROJETOS - CODE\\GOOGLE ANTIGRAVITY PROJECTS\\Minutas-Cartorio-Documentos\\Frontend\\src\\utils\\fileToGemini.ts","statementMap":{"0":{"start":{"line":7,"column":22},"end":{"line":7,"column":null}},"1":{"start":{"line":10,"column":53},"end":{"line":21,"column":null}},"2":{"start":{"line":24,"column":29},"end":{"line":24,"column":null}},"3":{"start":{"line":31,"column":2},"end":{"line":36,"column":null}},"4":{"start":{"line":32,"column":4},"end":{"line":35,"column":null}},"5":{"start":{"line":39,"column":19},"end":{"line":39,"column":null}},"6":{"start":{"line":40,"column":2},"end":{"line":49,"column":null}},"7":{"start":{"line":42,"column":22},"end":{"line":42,"column":null}},"8":{"start":{"line":43,"column":4},"end":{"line":48,"column":null}},"9":{"start":{"line":44,"column":6},"end":{"line":47,"column":null}},"10":{"start":{"line":51,"column":2},"end":{"line":51,"column":null}},"11":{"start":{"line":58,"column":2},"end":{"line":68,"column":null}},"12":{"start":{"line":59,"column":19},"end":{"line":59,"column":null}},"13":{"start":{"line":60,"column":4},"end":{"line":65,"column":null}},"14":{"start":{"line":61,"column":21},"end":{"line":61,"column":null}},"15":{"start":{"line":63,"column":21},"end":{"line":63,"column":null}},"16":{"start":{"line":64,"column":6},"end":{"line":64,"column":null}},"17":{"start":{"line":66,"column":4},"end":{"line":66,"column":null}},"18":{"start":{"line":66,"column":27},"end":{"line":66,"column":null}},"19":{"start":{"line":67,"column":4},"end":{"line":67,"column":null}},"20":{"start":{"line":75,"column":19},"end":{"line":75,"column":null}},"21":{"start":{"line":78,"column":2},"end":{"line":80,"column":null}},"22":{"start":{"line":79,"column":4},"end":{"line":79,"column":null}},"23":{"start":{"line":83,"column":20},"end":{"line":83,"column":null}},"24":{"start":{"line":84,"column":2},"end":{"line":99,"column":null}},"25":{"start":{"line":86,"column":6},"end":{"line":86,"column":null}},"26":{"start":{"line":89,"column":6},"end":{"line":89,"column":null}},"27":{"start":{"line":91,"column":6},"end":{"line":91,"column":null}},"28":{"start":{"line":93,"column":6},"end":{"line":93,"column":null}},"29":{"start":{"line":95,"column":6},"end":{"line":95,"column":null}},"30":{"start":{"line":98,"column":6},"end":{"line":98,"column":null}},"31":{"start":{"line":106,"column":21},"end":{"line":106,"column":null}},"32":{"start":{"line":107,"column":2},"end":{"line":109,"column":null}},"33":{"start":{"line":108,"column":4},"end":{"line":108,"column":null}},"34":{"start":{"line":111,"column":21},"end":{"line":111,"column":null}},"35":{"start":{"line":112,"column":19},"end":{"line":112,"column":null}},"36":{"start":{"line":114,"column":2},"end":{"line":119,"column":null}},"37":{"start":{"line":126,"column":30},"end":{"line":126,"column":null}},"38":{"start":{"line":128,"column":2},"end":{"line":131,"column":null}},"39":{"start":{"line":129,"column":17},"end":{"line":129,"column":null}},"40":{"start":{"line":130,"column":4},"end":{"line":130,"column":null}},"41":{"start":{"line":133,"column":2},"end":{"line":133,"column":null}},"42":{"start":{"line":140,"column":2},"end":{"line":140,"column":null}},"43":{"start":{"line":140,"column":39},"end":{"line":140,"column":58}},"44":{"start":{"line":147,"column":2},"end":{"line":147,"column":null}},"45":{"start":{"line":147,"column":20},"end":{"line":147,"column":null}},"46":{"start":{"line":148,"column":2},"end":{"line":148,"column":null}},"47":{"start":{"line":148,"column":27},"end":{"line":148,"column":null}},"48":{"start":{"line":149,"column":2},"end":{"line":149,"column":null}}},"fnMap":{"0":{"name":"validateFile","decl":{"start":{"line":29,"column":16},"end":{"line":29,"column":29}},"loc":{"start":{"line":29,"column":77},"end":{"line":52,"column":null}},"line":29},"1":{"name":"fileToBase64","decl":{"start":{"line":57,"column":16},"end":{"line":57,"column":29}},"loc":{"start":{"line":57,"column":58},"end":{"line":69,"column":null}},"line":57},"2":{"name":"(anonymous_2)","decl":{"start":{"line":58,"column":21},"end":{"line":58,"column":22}},"loc":{"start":{"line":58,"column":42},"end":{"line":68,"column":3}},"line":58},"3":{"name":"(anonymous_3)","decl":{"start":{"line":60,"column":20},"end":{"line":60,"column":26}},"loc":{"start":{"line":60,"column":26},"end":{"line":65,"column":null}},"line":60},"4":{"name":"(anonymous_4)","decl":{"start":{"line":66,"column":21},"end":{"line":66,"column":27}},"loc":{"start":{"line":66,"column":27},"end":{"line":66,"column":null}},"line":66},"5":{"name":"getGeminiMimeType","decl":{"start":{"line":74,"column":16},"end":{"line":74,"column":34}},"loc":{"start":{"line":74,"column":54},"end":{"line":100,"column":null}},"line":74},"6":{"name":"fileToGenerativePart","decl":{"start":{"line":105,"column":22},"end":{"line":105,"column":43}},"loc":{"start":{"line":105,"column":76},"end":{"line":120,"column":null}},"line":105},"7":{"name":"filesToGenerativeParts","decl":{"start":{"line":125,"column":22},"end":{"line":125,"column":45}},"loc":{"start":{"line":125,"column":83},"end":{"line":134,"column":null}},"line":125},"8":{"name":"getTotalFileSize","decl":{"start":{"line":139,"column":16},"end":{"line":139,"column":33}},"loc":{"start":{"line":139,"column":56},"end":{"line":141,"column":null}},"line":139},"9":{"name":"(anonymous_9)","decl":{"start":{"line":140,"column":22},"end":{"line":140,"column":23}},"loc":{"start":{"line":140,"column":39},"end":{"line":140,"column":58}},"line":140},"10":{"name":"formatFileSize","decl":{"start":{"line":146,"column":16},"end":{"line":146,"column":31}},"loc":{"start":{"line":146,"column":54},"end":{"line":150,"column":null}},"line":146}},"branchMap":{"0":{"loc":{"start":{"line":31,"column":2},"end":{"line":36,"column":null}},"type":"if","locations":[{"start":{"line":31,"column":2},"end":{"line":36,"column":null}},{"start":{},"end":{}}],"line":31},"1":{"loc":{"start":{"line":40,"column":2},"end":{"line":49,"column":null}},"type":"if","locations":[{"start":{"line":40,"column":2},"end":{"line":49,"column":null}},{"start":{},"end":{}}],"line":40},"2":{"loc":{"start":{"line":43,"column":4},"end":{"line":48,"column":null}},"type":"if","locations":[{"start":{"line":43,"column":4},"end":{"line":48,"column":null}},{"start":{},"end":{}}],"line":43},"3":{"loc":{"start":{"line":46,"column":49},"end":{"line":46,"column":71}},"type":"binary-expr","locations":[{"start":{"line":46,"column":49},"end":{"line":46,"column":62}},{"start":{"line":46,"column":62},"end":{"line":46,"column":71}}],"line":46},"4":{"loc":{"start":{"line":78,"column":2},"end":{"line":80,"column":null}},"type":"if","locations":[{"start":{"line":78,"column":2},"end":{"line":80,"column":null}},{"start":{},"end":{}}],"line":78},"5":{"loc":{"start":{"line":84,"column":2},"end":{"line":99,"column":null}},"type":"switch","locations":[{"start":{"line":85,"column":4},"end":{"line":86,"column":null}},{"start":{"line":87,"column":4},"end":{"line":87,"column":null}},{"start":{"line":88,"column":4},"end":{"line":89,"column":null}},{"start":{"line":90,"column":4},"end":{"line":91,"column":null}},{"start":{"line":92,"column":4},"end":{"line":93,"column":null}},{"start":{"line":94,"column":4},"end":{"line":95,"column":null}},{"start":{"line":96,"column":4},"end":{"line":98,"column":null}}],"line":84},"6":{"loc":{"start":{"line":107,"column":2},"end":{"line":109,"column":null}},"type":"if","locations":[{"start":{"line":107,"column":2},"end":{"line":109,"column":null}},{"start":{},"end":{}}],"line":107},"7":{"loc":{"start":{"line":147,"column":2},"end":{"line":147,"column":null}},"type":"if","locations":[{"start":{"line":147,"column":2},"end":{"line":147,"column":null}},{"start":{},"end":{}}],"line":147},"8":{"loc":{"start":{"line":148,"column":2},"end":{"line":148,"column":null}},"type":"if","locations":[{"start":{"line":148,"column":2},"end":{"line":148,"column":null}},{"start":{},"end":{}}],"line":148}},"s":{"0":1,"1":1,"2":1,"3":26,"4":2,"5":24,"6":24,"7":7,"8":7,"9":5,"10":19,"11":14,"12":14,"13":14,"14":14,"15":14,"16":14,"17":14,"18":0,"19":14,"20":20,"21":20,"22":17,"23":3,"24":20,"25":1,"26":1,"27":0,"28":0,"29":0,"30":1,"31":13,"32":13,"33":3,"34":10,"35":10,"36":10,"37":5,"38":5,"39":8,"40":7,"41":4,"42":4,"43":6,"44":14,"45":4,"46":10,"47":10,"48":5},"f":{"0":26,"1":14,"2":14,"3":14,"4":0,"5":20,"6":13,"7":5,"8":4,"9":6,"10":14},"b":{"0":[2,24],"1":[7,17],"2":[5,2],"3":[5,1],"4":[17,3],"5":[1,1,1,0,0,0,1],"6":[3,10],"7":[4,10],"8":[5,5]},"meta":{"lastBranch":9,"lastFunction":11,"lastStatement":49,"seen":{"s:7:22:7:Infinity":0,"s:10:53:21:Infinity":1,"s:24:29:24:Infinity":2,"f:29:16:29:29":0,"b:31:2:36:Infinity:undefined:undefined:undefined:undefined":0,"s:31:2:36:Infinity":3,"s:32:4:35:Infinity":4,"s:39:19:39:Infinity":5,"b:40:2:49:Infinity:undefined:undefined:undefined:undefined":1,"s:40:2:49:Infinity":6,"s:42:22:42:Infinity":7,"b:43:4:48:Infinity:undefined:undefined:undefined:undefined":2,"s:43:4:48:Infinity":8,"s:44:6:47:Infinity":9,"b:46:49:46:62:46:62:46:71":3,"s:51:2:51:Infinity":10,"f:57:16:57:29":1,"s:58:2:68:Infinity":11,"f:58:21:58:22":2,"s:59:19:59:Infinity":12,"s:60:4:65:Infinity":13,"f:60:20:60:26":3,"s:61:21:61:Infinity":14,"s:63:21:63:Infinity":15,"s:64:6:64:Infinity":16,"s:66:4:66:Infinity":17,"f:66:21:66:27":4,"s:66:27:66:Infinity":18,"s:67:4:67:Infinity":19,"f:74:16:74:34":5,"s:75:19:75:Infinity":20,"b:78:2:80:Infinity:undefined:undefined:undefined:undefined":4,"s:78:2:80:Infinity":21,"s:79:4:79:Infinity":22,"s:83:20:83:Infinity":23,"b:85:4:86:Infinity:87:4:87:Infinity:88:4:89:Infinity:90:4:91:Infinity:92:4:93:Infinity:94:4:95:Infinity:96:4:98:Infinity":5,"s:84:2:99:Infinity":24,"s:86:6:86:Infinity":25,"s:89:6:89:Infinity":26,"s:91:6:91:Infinity":27,"s:93:6:93:Infinity":28,"s:95:6:95:Infinity":29,"s:98:6:98:Infinity":30,"f:105:22:105:43":6,"s:106:21:106:Infinity":31,"b:107:2:109:Infinity:undefined:undefined:undefined:undefined":6,"s:107:2:109:Infinity":32,"s:108:4:108:Infinity":33,"s:111:21:111:Infinity":34,"s:112:19:112:Infinity":35,"s:114:2:119:Infinity":36,"f:125:22:125:45":7,"s:126:30:126:Infinity":37,"s:128:2:131:Infinity":38,"s:129:17:129:Infinity":39,"s:130:4:130:Infinity":40,"s:133:2:133:Infinity":41,"f:139:16:139:33":8,"s:140:2:140:Infinity":42,"f:140:22:140:23":9,"s:140:39:140:58":43,"f:146:16:146:31":10,"b:147:2:147:Infinity:undefined:undefined:undefined:undefined":7,"s:147:2:147:Infinity":44,"s:147:20:147:Infinity":45,"b:148:2:148:Infinity:undefined:undefined:undefined:undefined":8,"s:148:2:148:Infinity":46,"s:148:27:148:Infinity":47,"s:149:2:149:Infinity":48}}}
,"C:\\Users\\Lucas\\OneDrive\\Documentos\\PROJETOS - CODE\\GOOGLE ANTIGRAVITY PROJECTS\\Minutas-Cartorio-Documentos\\Frontend\\src\\utils\\mockStreaming.ts": {"path":"C:\\Users\\Lucas\\OneDrive\\Documentos\\PROJETOS - CODE\\GOOGLE ANTIGRAVITY PROJECTS\\Minutas-Cartorio-Documentos\\Frontend\\src\\utils\\mockStreaming.ts","statementMap":{"0":{"start":{"line":3,"column":46},"end":{"line":79,"column":null}},"1":{"start":{"line":82,"column":2},"end":{"line":82,"column":null}},"2":{"start":{"line":91,"column":16},"end":{"line":91,"column":null}},"3":{"start":{"line":93,"column":2},"end":{"line":96,"column":null}},"4":{"start":{"line":93,"column":15},"end":{"line":93,"column":18}},"5":{"start":{"line":94,"column":4},"end":{"line":94,"column":null}},"6":{"start":{"line":94,"column":33},"end":{"line":94,"column":61}},"7":{"start":{"line":95,"column":4},"end":{"line":95,"column":null}},"8":{"start":{"line":98,"column":2},"end":{"line":98,"column":null}},"9":{"start":{"line":102,"column":16},"end":{"line":102,"column":null}},"10":{"start":{"line":104,"column":2},"end":{"line":107,"column":null}},"11":{"start":{"line":105,"column":19},"end":{"line":105,"column":35}},"12":{"start":{"line":106,"column":21},"end":{"line":106,"column":null}}},"fnMap":{"0":{"name":"getMockResponse","decl":{"start":{"line":81,"column":16},"end":{"line":81,"column":32}},"loc":{"start":{"line":81,"column":60},"end":{"line":83,"column":null}},"line":81},"1":{"name":"simulateStreaming","decl":{"start":{"line":85,"column":22},"end":{"line":85,"column":null}},"loc":{"start":{"line":90,"column":17},"end":{"line":99,"column":null}},"line":90},"2":{"name":"(anonymous_2)","decl":{"start":{"line":94,"column":22},"end":{"line":94,"column":33}},"loc":{"start":{"line":94,"column":33},"end":{"line":94,"column":61}},"line":94},"3":{"name":"createAbortableStream","decl":{"start":{"line":101,"column":16},"end":{"line":101,"column":40}},"loc":{"start":{"line":101,"column":40},"end":{"line":108,"column":null}},"line":101},"4":{"name":"(anonymous_4)","decl":{"start":{"line":105,"column":11},"end":{"line":105,"column":17}},"loc":{"start":{"line":105,"column":17},"end":{"line":105,"column":null}},"line":105},"5":{"name":"(anonymous_5)","decl":{"start":{"line":106,"column":15},"end":{"line":106,"column":21}},"loc":{"start":{"line":106,"column":21},"end":{"line":106,"column":null}},"line":106}},"branchMap":{"0":{"loc":{"start":{"line":82,"column":9},"end":{"line":82,"column":null}},"type":"binary-expr","locations":[{"start":{"line":82,"column":9},"end":{"line":82,"column":38}},{"start":{"line":82,"column":38},"end":{"line":82,"column":null}}],"line":82},"1":{"loc":{"start":{"line":89,"column":2},"end":{"line":89,"column":null}},"type":"default-arg","locations":[{"start":{"line":89,"column":20},"end":{"line":89,"column":null}}],"line":89},"2":{"loc":{"start":{"line":95,"column":24},"end":{"line":95,"column":56}},"type":"cond-expr","locations":[{"start":{"line":95,"column":47},"end":{"line":95,"column":53}},{"start":{"line":95,"column":53},"end":{"line":95,"column":56}}],"line":95}},"s":{"0":0,"1":0,"2":0,"3":0,"4":0,"5":0,"6":0,"7":0,"8":0,"9":0,"10":0,"11":0,"12":0},"f":{"0":0,"1":0,"2":0,"3":0,"4":0,"5":0},"b":{"0":[0,0],"1":[0],"2":[0,0]},"meta":{"lastBranch":3,"lastFunction":6,"lastStatement":13,"seen":{"s:3:46:79:Infinity":0,"f:81:16:81:32":0,"s:82:2:82:Infinity":1,"b:82:9:82:38:82:38:82:Infinity":0,"f:85:22:85:Infinity":1,"b:89:20:89:Infinity":1,"s:91:16:91:Infinity":2,"s:93:2:96:Infinity":3,"s:93:15:93:18":4,"s:94:4:94:Infinity":5,"f:94:22:94:33":2,"s:94:33:94:61":6,"s:95:4:95:Infinity":7,"b:95:47:95:53:95:53:95:56":2,"s:98:2:98:Infinity":8,"f:101:16:101:40":3,"s:102:16:102:Infinity":9,"s:104:2:107:Infinity":10,"f:105:11:105:17":4,"s:105:19:105:35":11,"f:106:15:106:21":5,"s:106:21:106:Infinity":12}}}
}
